Reading the input
Read 1M edges.	Simulation time: 630 seconds
Density: 0.5
SnowBall 1
43194901 [<18278524,1>]
18278524 [<43194901,1>]
Density: 0.0
SnowBall 2
17135931 []
Density: 4.03030303030303
SnowBall 3
14075928 [<19725644,6><190138306,6><17602896,6><16878507,6><87798068,6><16726878,6><423567032,6><17714569,6>]
17602896 [<14075928,6><115485051,6><37723441,6><16303106,6><15962096,6><14824849,6><31353077,6><87525002,6><79797834,6><24807616,6><90420314,6>]
93906304 [<18069824,6><115485051,6><37723441,6><22879382,6><15962096,6><79797834,6><87525002,6>]
15962096 [<17602896,6><93906304,6><18374320,6><16726878,6><79797834,6><87525002,6>]
31353077 [<190138306,6><17602896,6><87798068,6><52772629,6><16726878,6><423567032,6><54695584,6>]
17714569 [<14075928,6><115485051,6><16303106,6><158414847,6><813286,6><90420314,6><24807616,6>]
18886852 [<18713254,6><139162440,6><158414847,6><813286,6><79797834,6><24807616,6>]
18713254 [<18886852,6><190138306,6><87798068,6><18374320,6><52772629,6><16726878,6><87525002,6><54695584,6>]
19725644 [<14075928,6><35012599,6><16878507,6><16303106,6><18374320,6><52772629,6>]
22879382 [<18069824,6><139162440,6><37723441,6><93906304,6><79797834,6><87525002,6>]
18374320 [<18713254,6><19725644,6><139162440,6><115485051,6><22027186,6><15962096,6><14824849,6><79797834,6><90420314,6>]
16726878 [<14075928,6><18713254,6><115485051,6><22027186,6><15962096,6><31353077,6><14824849,6><813286,6><90420314,6>]
52772629 [<18713254,6><19725644,6><115485051,6><16303106,6><158414847,6><31353077,6><14824849,6><90420314,6>]
423567032 [<14075928,6><35012599,6><16303106,6><115485051,6><22027186,6><31353077,6>]
24807616 [<18886852,6><18069824,6><17602896,6><37723441,6><17714569,6><54695584,6>]
54695584 [<18713254,6><139162440,6><115485051,6><22027186,6><31353077,6><90420314,6><24807616,6>]
18069824 [<139162440,6><115485051,6><22879382,6><93906304,6><14824849,6><813286,6><79797834,6><24807616,6><87525002,6>]
165786567 [<139162440,6><16303106,6><115485051,6><22027186,6><813286,6><90420314,6>]
115485051 [<18069824,6><17602896,6><165786567,6><93906304,6><87798068,6><17714569,6><87525002,6><190138306,6><35012599,6><16878507,6><18374320,6><16726878,6><52772629,6><79797834,6><423567032,6><54695584,6>]
37723441 [<17602896,6><22027186,6><22879382,6><93906304,6><79797834,6><24807616,6><87525002,6>]
16303106 [<19725644,6><190138306,6><17602896,6><165786567,6><35012599,6><16878507,6><87798068,6><52772629,6><423567032,6><17714569,6>]
22027186 [<165786567,6><35012599,6><16878507,6><37723441,6><18374320,6><16726878,6><423567032,6><87525002,6><54695584,6>]
87798068 [<18713254,6><14075928,6><139162440,6><115485051,6><16303106,6><31353077,6><90420314,6>]
158414847 [<18886852,6><35012599,6><52772629,6><79797834,6><87525002,6><17714569,6>]
14824849 [<18069824,6><190138306,6><17602896,6><35012599,6><18374320,6><52772629,6><16726878,6>]
87525002 [<18069824,6><17602896,6><115485051,6><37723441,6><22027186,6><93906304,6><15962096,6><158414847,6><18713254,6><22879382,6><813286,6><79797834,6>]
139162440 [<18886852,6><18069824,6><190138306,6><165786567,6><35012599,6><16878507,6><22879382,6><87798068,6><18374320,6><54695584,6>]
190138306 [<14075928,6><18713254,6><139162440,6><115485051,6><16303106,6><31353077,6><14824849,6><90420314,6>]
35012599 [<139162440,6><19725644,6><16303106,6><115485051,6><22027186,6><158414847,6><14824849,6><423567032,6>]
16878507 [<14075928,6><19725644,6><139162440,6><115485051,6><16303106,6><22027186,6><813286,6>]
813286 [<18886852,6><18069824,6><165786567,6><16878507,6><16726878,6><17714569,6><87525002,6>]
79797834 [<18069824,6><17602896,6><115485051,6><37723441,6><93906304,6><15962096,6><158414847,6><87525002,6><18886852,6><22879382,6><18374320,6>]
90420314 [<190138306,6><17602896,6><165786567,6><87798068,6><18374320,6><52772629,6><16726878,6><17714569,6><54695584,6>]
Density: 0.0
SnowBall 4
19110632 []
Density: 0.0
SnowBall 5
24907197 []
Density: 0.0
SnowBall 6
21028234 []
Density: 0.0
SnowBall 7
333966373 []
Density: 1.8
SnowBall 8
50189671 [<14203936,3><21339164,3><21363077,3>]
21339164 [<30393917,3><14203936,3><50189671,3><21363077,3>]
14203936 [<30393917,3><50189671,3><21339164,3><21363077,3>]
30393917 [<14203936,3><21339164,3><21363077,3>]
21363077 [<30393917,3><14203936,3><50189671,3><21339164,3>]
Density: 0.0
SnowBall 9
163674521 []
Density: 0.0
SnowBall 10
18788502 []
Density: 0.0
SnowBall 11
25344777 []
Density: 0.0
SnowBall 12
176936249 []
Density: 0.0
SnowBall 13
18483115 []
Density: 4.230769230769231
SnowBall 14
53685618 [<146155608,6><144040563,6><48485771,6><5442012,6><62609430,6><121258930,6>]
382110320 [<121258930,6><61086747,6><146155608,6><144040563,6><24541192,6><48485771,6><163629705,6><5442012,6><62609430,6><289738351,6><306445007,6>]
61086747 [<146155608,6><144040563,6><48485771,6><5442012,6><62609430,6><306445007,6><289738351,6><382110320,6><121258930,6>]
144040563 [<24541192,6><53685618,6><163629705,6><62609430,6><306445007,6><289738351,6><382110320,6><61086747,6>]
48485771 [<24541192,6><53685618,6><163629705,6><62609430,6><306445007,6><289738351,6><382110320,6><61086747,6>]
163629705 [<144040563,6><48485771,6><5442012,6><62609430,6><382110320,6><121258930,6>]
289738351 [<146155608,6><144040563,6><48485771,6><5442012,6><62609430,6><306445007,6><382110320,6><121258930,6><61086747,6>]
306445007 [<382110320,6><121258930,6><61086747,6><144040563,6><146155608,6><24541192,6><48485771,6><5442012,6><62609430,6><289738351,6>]
121258930 [<53685618,6><382110320,6><61086747,6><24541192,6><163629705,6><62609430,6><306445007,6><289738351,6>]
146155608 [<24541192,6><53685618,6><62609430,6><306445007,6><289738351,6><382110320,6><61086747,6>]
24541192 [<146155608,6><144040563,6><48485771,6><5442012,6><62609430,6><306445007,6><382110320,6><121258930,6>]
5442012 [<24541192,6><53685618,6><163629705,6><62609430,6><306445007,6><289738351,6><382110320,6><61086747,6>]
62609430 [<53685618,6><382110320,6><121258930,6><61086747,6><146155608,6><144040563,6><24541192,6><48485771,6><163629705,6><5442012,6><289738351,6><306445007,6>]
Density: 0.0
SnowBall 15
22252971 []
Density: 0.0
SnowBall 16
212718048 []
Density: 0.0
SnowBall 17
17137927 []
Density: 0.5
SnowBall 18
258955239 [<116498875,1>]
116498875 [<258955239,1>]
Density: 0.0
SnowBall 19
302847930 []
Density: 0.0
SnowBall 20
103598216 []
Density: 2.4444444444444446
SnowBall 21
7517222 [<262310943,4><177345928,4><250831586,4><32547856,4><360025190,4><69049114,4><283732062,4><112915037,4>]
360025190 [<262310943,4><177345928,4><7517222,4><69049114,4><112915037,4>]
262310943 [<7517222,4><32547856,4><360025190,4><69049114,4>]
283732062 [<250831586,4><7517222,4><69049114,4><112915037,4>]
112915037 [<7517222,4><360025190,4><69049114,4><283732062,4>]
177345928 [<7517222,4><32547856,4><360025190,4><69049114,4>]
250831586 [<7517222,4><32547856,4><69049114,4><283732062,4>]
32547856 [<262310943,4><177345928,4><250831586,4><7517222,4>]
69049114 [<262310943,4><177345928,4><250831586,4><7517222,4><360025190,4><283732062,4><112915037,4>]
Density: 1.1428571428571428
SnowBall 22
6253282 [<22915745,2><17874544,2>]
22915745 [<6253282,2><17874544,2>]
16279105 [<61311054,2><280329780,2>]
61311054 [<16279105,2><280329780,2><171536167,2>]
17874544 [<6253282,2><22915745,2>]
280329780 [<16279105,2><61311054,2><171536167,2>]
171536167 [<61311054,2><280329780,2>]
Density: 0.875
SnowBall 23
15838599 [<15977848,1><250900294,1>]
52551600 [<250900294,1>]
20273398 [<15977848,1><16834201,1><532617990,1>]
15977848 [<15838599,1><20273398,1><174285878,1>]
16834201 [<20273398,1>]
174285878 [<15977848,1>]
250900294 [<15838599,1><52551600,1>]
532617990 [<20273398,1>]
Density: 0.0
SnowBall 24
237019614 []
Density: 2.5714285714285716
SnowBall 25
16193542 [<241635675,4><198941747,4><14645160,4><90880254,4><7888452,4>]
198941747 [<16193542,4><241635675,4><14645160,4><53235381,4><90880254,4><7888452,4>]
241635675 [<16193542,4><198941747,4><14645160,4><7888452,4>]
14645160 [<16193542,4><241635675,4><198941747,4><53235381,4><90880254,4><7888452,4>]
53235381 [<198941747,4><14645160,4><90880254,4><7888452,4>]
7888452 [<16193542,4><241635675,4><198941747,4><14645160,4><53235381,4><90880254,4>]
90880254 [<16193542,4><198941747,4><14645160,4><53235381,4><7888452,4>]
Density: 2.3125
SnowBall 26
528575851 [<188102842,3><100318079,3><28465635,3>]
430313102 [<100318079,3><157829215,3><196680777,3><123371682,3><250340951,3><204140367,3><151338729,3><19493072,3><270449528,3><2367911,3>]
100318079 [<430313102,3><528575851,3><188102842,3><69548480,3>]
196680777 [<19933035,3><430313102,3><250340951,3>]
250340951 [<430313102,3><157829215,3><196680777,3><123371682,3><204140367,3><151338729,3>]
123371682 [<19933035,3><430313102,3><188102842,3><69548480,3><250340951,3>]
204140367 [<19933035,3><430313102,3><69548480,3><250340951,3>]
19493072 [<19933035,3><430313102,3><69548480,3>]
270449528 [<19933035,3><430313102,3><188102842,3>]
2367911 [<430313102,3><188102842,3><69548480,3>]
19933035 [<196680777,3><123371682,3><204140367,3><151338729,3><19493072,3><270449528,3><28465635,3>]
188102842 [<528575851,3><100318079,3><157829215,3><123371682,3><270449528,3><28465635,3><2367911,3>]
157829215 [<430313102,3><188102842,3><250340951,3>]
69548480 [<100318079,3><123371682,3><204140367,3><151338729,3><19493072,3><2367911,3>]
151338729 [<19933035,3><430313102,3><69548480,3><250340951,3>]
28465635 [<19933035,3><528575851,3><188102842,3>]
Density: 0.0
SnowBall 27
17797990 []
Density: 1.0
SnowBall 28
179138862 [<278181157,2><292560337,2>]
278181157 [<179138862,2><292560337,2>]
292560337 [<179138862,2><278181157,2>]
Density: 1.5
SnowBall 29
20495756 [<54178513,3><7890392,3><23759573,3>]
54178513 [<20495756,3><7890392,3><23759573,3>]
7890392 [<20495756,3><54178513,3><23759573,3>]
23759573 [<20495756,3><54178513,3><7890392,3>]
Density: 2.909090909090909
SnowBall 30
290097288 [<186354564,5><52405864,5><85432934,5><19136295,5><23742633,5><402970625,5>]
52405864 [<290097288,5><294198566,5><46423291,5><85432934,5><19136295,5><23742633,5><18742444,5><247521952,5>]
46423291 [<186354564,5><52405864,5><85432934,5><19136295,5><402970625,5>]
294198566 [<186354564,5><52405864,5><85432934,5><19136295,5><23742633,5><402970625,5>]
186354564 [<290097288,5><294198566,5><46423291,5><18742444,5><247521952,5>]
85432934 [<290097288,5><294198566,5><46423291,5><52405864,5><23742633,5><18742444,5><247521952,5>]
19136295 [<290097288,5><46423291,5><294198566,5><52405864,5><18742444,5><247521952,5>]
23742633 [<290097288,5><294198566,5><52405864,5><85432934,5><18742444,5>]
18742444 [<186354564,5><52405864,5><19136295,5><85432934,5><23742633,5><402970625,5>]
247521952 [<186354564,5><52405864,5><19136295,5><85432934,5><402970625,5>]
402970625 [<290097288,5><46423291,5><294198566,5><18742444,5><247521952,5>]
Density: 3.0
SnowBall 31
39070445 [<20536157,5><972651,5><428333,5><783214,5><816653,5><759251,5>]
16790036 [<20536157,5><972651,5><783214,5><816653,5><1344951,5>]
15989218 [<20536157,5><972651,5><428333,5><783214,5><816653,5><759251,5><1344951,5>]
16824073 [<20536157,5><972651,5><783214,5><816653,5><1344951,5>]
972651 [<39070445,5><16790036,5><15989218,5><16824073,5><19299909,5><31153819,5>]
783214 [<39070445,5><16790036,5><15989218,5><16824073,5><19299909,5><18665800,5>]
1344951 [<16790036,5><15989218,5><16824073,5><19299909,5><59676554,5><31153819,5>]
19299909 [<972651,5><428333,5><783214,5><816653,5><759251,5><1344951,5>]
20536157 [<39070445,5><16790036,5><15989218,5><16824073,5><59676554,5><31153819,5><18665800,5>]
59676554 [<20536157,5><428333,5><816653,5><18665800,5><759251,5><1344951,5>]
428333 [<39070445,5><15989218,5><19299909,5><59676554,5><31153819,5><18665800,5><759251,5>]
816653 [<39070445,5><16790036,5><15989218,5><16824073,5><19299909,5><59676554,5><31153819,5>]
31153819 [<20536157,5><972651,5><428333,5><816653,5><1344951,5>]
18665800 [<20536157,5><59676554,5><428333,5><783214,5><759251,5>]
759251 [<39070445,5><15989218,5><19299909,5><59676554,5><428333,5><18665800,5>]
Density: 2.24
SnowBall 32
303060652 [<276128869,3><269559495,3><351092905,3>]
23334169 [<18581803,3><16674726,3><94414805,3><25026165,3><127973392,3>]
94480069 [<3359851,3><93885127,3><18338485,3><378494343,3><34068984,3>]
127973392 [<44524106,3><54107218,3><20689206,3><23334169,3>]
93885127 [<276128869,3><351092905,3><94480069,3>]
20689206 [<28125177,3><16674726,3><54107218,3><94414805,3><25026165,3><127973392,3>]
18581803 [<18338485,3><54107218,3><23334169,3>]
16674726 [<44524106,3><54107218,3><20689206,3><23334169,3>]
19213083 [<3359851,3><59804598,3><34068984,3>]
94414805 [<44524106,3><54107218,3><20689206,3><23334169,3>]
378494343 [<28125177,3><59804598,3><64285972,3><94480069,3><34068984,3>]
34068984 [<18338485,3><19213083,3><378494343,3><253863144,3><94480069,3><252415267,3>]
276128869 [<3359851,3><93885127,3><303060652,3><351092905,3>]
54107218 [<18581803,3><16674726,3><59804598,3><20689206,3><94414805,3><127973392,3>]
64285972 [<18338485,3><269559495,3><378494343,3>]
25026165 [<44524106,3><269559495,3><20689206,3><23334169,3>]
44524106 [<16674726,3><94414805,3><25026165,3><127973392,3>]
3359851 [<276128869,3><18338485,3><269559495,3><19213083,3><351092905,3><253863144,3><94480069,3><252415267,3>]
18338485 [<3359851,3><18581803,3><59804598,3><64285972,3><94480069,3><34068984,3>]
252415267 [<3359851,3><351092905,3><34068984,3>]
28125177 [<269559495,3><20689206,3><378494343,3><253863144,3>]
351092905 [<3359851,3><93885127,3><276128869,3><303060652,3><269559495,3><252415267,3>]
253863144 [<28125177,3><3359851,3><34068984,3>]
59804598 [<18338485,3><54107218,3><19213083,3><378494343,3>]
269559495 [<3359851,3><28125177,3><303060652,3><351092905,3><64285972,3><25026165,3>]
Density: 2.2
SnowBall 33
116952434 [<384685422,4><35726059,4><24117694,4><250447400,4><96907622,4>]
35726059 [<116952434,4><384685422,4><22705686,4><24117694,4><250447400,4><15853668,4>]
22705686 [<384685422,4><35726059,4><24117694,4><250447400,4>]
24117694 [<116952434,4><35726059,4><22705686,4><15853668,4>]
250447400 [<116952434,4><384685422,4><35726059,4><22705686,4><15853668,4>]
15234657 [<64931560,4><25755158,4><96907622,4><336463060,4>]
90964854 [<64931560,4><25755158,4><96907622,4><336463060,4>]
25755158 [<16567106,4><29758446,4><15234657,4><90964854,4>]
96907622 [<116952434,4><16567106,4><29758446,4><15234657,4><90964854,4>]
384685422 [<116952434,4><35726059,4><22705686,4><250447400,4><15853668,4>]
64931560 [<16567106,4><29758446,4><15234657,4><90964854,4>]
16567106 [<64931560,4><25755158,4><96907622,4><336463060,4>]
29758446 [<64931560,4><25755158,4><96907622,4><336463060,4>]
15853668 [<384685422,4><35726059,4><24117694,4><250447400,4>]
336463060 [<16567106,4><29758446,4><15234657,4><90964854,4>]
Density: 0.0
SnowBall 34
18191231 []
Density: 2.0
SnowBall 35
91711942 [<359791673,4><24542441,4><333881828,4><345569115,4>]
359791673 [<91711942,4><24542441,4><333881828,4><345569115,4>]
24542441 [<91711942,4><359791673,4><333881828,4><345569115,4>]
333881828 [<91711942,4><359791673,4><24542441,4><345569115,4>]
345569115 [<91711942,4><359791673,4><24542441,4><333881828,4>]
Density: 0.0
SnowBall 36
46209291 []
Density: 0.6666666666666666
SnowBall 37
11167502 [<434433610,1>]
18481292 [<434433610,1>]
434433610 [<11167502,1><18481292,1>]
Density: 8.264705882352942
SnowBall 38
24641194 [<242024994,13><242479442,13><52330027,13><35926608,13><36629388,13><243267948,13><66761133,13><31949053,13><204646586,13><16465113,13><31477674,13><242013901,13><7875912,13><199039532,13><185512077,13>]
300842571 [<8470732,13><7860742,13><42361118,13><14498387,13><65913144,13><104209445,13><47161442,13><17224642,13><21681252,13><17759701,13><7872262,13><45690012,13><45416789,13>]
242479442 [<24641194,13><7860742,13><52330027,13><35926608,13><65913144,13><243267948,13><31949053,13><43933017,13><31477674,13><242013901,13><199039532,13><45416789,13><242024994,13><42361118,13><14498387,13><104209445,13><17224642,13><21681252,13><204646586,13><24004172,13><17759701,13><16465113,13><8004732,13><7872262,13>]
52330027 [<24641194,13><7860742,13><242479442,13><35926608,13><65913144,13><47161442,13><243267948,13><66761133,13><43933017,13><242013901,13><242024994,13><8470732,13><42361118,13><14498387,13><104209445,13><17224642,13><21681252,13><204646586,13><24004172,13><17759701,13><8004732,13><7872262,13><45690012,13>]
35926608 [<24641194,13><7860742,13><242479442,13><52330027,13><65913144,13><243267948,13><47161442,13><35012277,13><66761133,13><31949053,13><43933017,13><242013901,13><199039532,13><45416789,13><242024994,13><8470732,13><42361118,13><14498387,13><104209445,13><17224642,13><21681252,13><204646586,13><24004172,13><8004732,13><7872262,13><7875912,13><45690012,13><185512077,13>]
47161442 [<242024994,13><300842571,13><52330027,13><35926608,13><36629388,13><243267948,13><35012277,13><66761133,13><31949053,13><16465113,13><31477674,13><242013901,13><7875912,13><199039532,13><45690012,13><185512077,13>]
243267948 [<242024994,13><24641194,13><8470732,13><7860742,13><242479442,13><52330027,13><35926608,13><14498387,13><65913144,13><104209445,13><47161442,13><17224642,13><21681252,13><24004172,13><43933017,13><8004732,13><242013901,13><7872262,13><45416789,13>]
36629388 [<24641194,13><7860742,13><65913144,13><17224642,13><47161442,13><35012277,13><21681252,13><24004172,13><43933017,13><31477674,13><7875912,13><199039532,13><45416789,13>]
66761133 [<24641194,13><8470732,13><7860742,13><42361118,13><52330027,13><35926608,13><65913144,13><104209445,13><47161442,13><17224642,13><21681252,13><24004172,13><17759701,13><43933017,13><8004732,13><7872262,13><7875912,13><45416789,13><185512077,13>]
43933017 [<242024994,13><242479442,13><52330027,13><35926608,13><36629388,13><243267948,13><35012277,13><66761133,13><31949053,13><204646586,13><242013901,13><7875912,13><45690012,13><185512077,13>]
45416789 [<242024994,13><300842571,13><242479442,13><35926608,13><36629388,13><243267948,13><35012277,13><66761133,13><31949053,13><204646586,13><16465113,13><31477674,13><242013901,13><7875912,13><45690012,13><185512077,13>]
242024994 [<24641194,13><7860742,13><242479442,13><52330027,13><35926608,13><65913144,13><47161442,13><243267948,13><43933017,13><31477674,13><242013901,13><45416789,13><8470732,13><42361118,13><14498387,13><104209445,13><17224642,13><21681252,13><24004172,13><17759701,13><8004732,13><7872262,13><45690012,13>]
8470732 [<242024994,13><300842571,13><52330027,13><35926608,13><243267948,13><66761133,13><204646586,13><16465113,13><242013901,13><7875912,13><199039532,13><45690012,13><185512077,13>]
42361118 [<242024994,13><300842571,13><242479442,13><52330027,13><35926608,13><35012277,13><66761133,13><31949053,13><204646586,13><16465113,13><242013901,13><7875912,13><199039532,13><185512077,13>]
21681252 [<242024994,13><300842571,13><242479442,13><52330027,13><35926608,13><36629388,13><243267948,13><35012277,13><66761133,13><31949053,13><204646586,13><16465113,13><242013901,13><7875912,13><185512077,13>]
16465113 [<24641194,13><8470732,13><7860742,13><242479442,13><42361118,13><14498387,13><47161442,13><17224642,13><21681252,13><24004172,13><17759701,13><7872262,13><45416789,13>]
8004732 [<242024994,13><242479442,13><52330027,13><35926608,13><243267948,13><66761133,13><31949053,13><204646586,13><31477674,13><242013901,13><7875912,13><199039532,13><185512077,13>]
45690012 [<242024994,13><300842571,13><8470732,13><7860742,13><52330027,13><35926608,13><14498387,13><104209445,13><17224642,13><47161442,13><43933017,13><17759701,13><7872262,13><45416789,13>]
185512077 [<24641194,13><7860742,13><35926608,13><65913144,13><47161442,13><66761133,13><43933017,13><242013901,13><45416789,13><8470732,13><42361118,13><14498387,13><104209445,13><17224642,13><21681252,13><24004172,13><17759701,13><8004732,13><7872262,13><7875912,13>]
7860742 [<242024994,13><300842571,13><242479442,13><52330027,13><35926608,13><36629388,13><243267948,13><35012277,13><66761133,13><31949053,13><204646586,13><16465113,13><242013901,13><7875912,13><199039532,13><45690012,13><185512077,13>]
65913144 [<242024994,13><300842571,13><242479442,13><52330027,13><35926608,13><36629388,13><243267948,13><35012277,13><66761133,13><31949053,13><204646586,13><31477674,13><242013901,13><7875912,13><199039532,13><185512077,13>]
35012277 [<7860742,13><42361118,13><35926608,13><14498387,13><65913144,13><104209445,13><36629388,13><47161442,13><21681252,13><31949053,13><43933017,13><7872262,13><45416789,13>]
31949053 [<24641194,13><7860742,13><242479442,13><42361118,13><35926608,13><14498387,13><65913144,13><47161442,13><35012277,13><21681252,13><17759701,13><43933017,13><8004732,13><7872262,13><45416789,13>]
31477674 [<242024994,13><24641194,13><242479442,13><65913144,13><104209445,13><36629388,13><47161442,13><17224642,13><24004172,13><17759701,13><8004732,13><199039532,13><45416789,13>]
242013901 [<24641194,13><7860742,13><242479442,13><52330027,13><35926608,13><65913144,13><243267948,13><47161442,13><43933017,13><45416789,13><242024994,13><8470732,13><42361118,13><14498387,13><104209445,13><17224642,13><21681252,13><204646586,13><24004172,13><17759701,13><8004732,13><7872262,13><185512077,13>]
199039532 [<24641194,13><8470732,13><7860742,13><242479442,13><42361118,13><35926608,13><14498387,13><65913144,13><104209445,13><36629388,13><47161442,13><17224642,13><24004172,13><17759701,13><31477674,13><8004732,13><7872262,13>]
14498387 [<242024994,13><300842571,13><242479442,13><52330027,13><35926608,13><243267948,13><35012277,13><31949053,13><204646586,13><16465113,13><242013901,13><199039532,13><45690012,13><185512077,13>]
104209445 [<242024994,13><300842571,13><242479442,13><52330027,13><35926608,13><243267948,13><35012277,13><66761133,13><204646586,13><31477674,13><242013901,13><7875912,13><199039532,13><45690012,13><185512077,13>]
17224642 [<242024994,13><300842571,13><242479442,13><52330027,13><35926608,13><36629388,13><243267948,13><66761133,13><204646586,13><16465113,13><31477674,13><242013901,13><7875912,13><199039532,13><45690012,13><185512077,13>]
204646586 [<24641194,13><8470732,13><7860742,13><242479442,13><52330027,13><42361118,13><35926608,13><14498387,13><65913144,13><104209445,13><17224642,13><21681252,13><17759701,13><43933017,13><8004732,13><242013901,13><7872262,13><45416789,13>]
17759701 [<242024994,13><300842571,13><242479442,13><52330027,13><66761133,13><31949053,13><204646586,13><16465113,13><31477674,13><242013901,13><199039532,13><185512077,13><45690012,13>]
24004172 [<242024994,13><242479442,13><52330027,13><35926608,13><36629388,13><243267948,13><66761133,13><16465113,13><31477674,13><242013901,13><7875912,13><199039532,13><185512077,13>]
7872262 [<242024994,13><300842571,13><242479442,13><52330027,13><35926608,13><243267948,13><35012277,13><66761133,13><31949053,13><204646586,13><16465113,13><242013901,13><7875912,13><199039532,13><45690012,13><185512077,13>]
7875912 [<24641194,13><8470732,13><7860742,13><42361118,13><35926608,13><65913144,13><104209445,13><17224642,13><36629388,13><47161442,13><21681252,13><66761133,13><24004172,13><43933017,13><8004732,13><7872262,13><185512077,13><45416789,13>]
Density: 0.75
SnowBall 39
32574761 [<294325981,1>]
180540375 [<294325981,1>]
1608991 [<294325981,1>]
294325981 [<32574761,1><180540375,1><1608991,1>]
Density: 4.933333333333334
SnowBall 40
2363991 [<183786731,8><15924858,8><47785747,8><20999409,8><3245291,8><16504528,8><182609394,8><47787563,8><48132655,8><239141315,8><229969377,8>]
47785747 [<48132655,8><2363991,8><338017544,8><239141315,8><176310143,8><91067832,8><3245291,8><229969377,8>]
338017544 [<183786731,8><15924858,8><47785747,8><20999409,8><176310143,8><3245291,8><16504528,8><182609394,8><48132655,8><47787563,8><239141315,8>]
229969377 [<16504528,8><182609394,8><183786731,8><47787563,8><48132655,8><2363991,8><15924858,8><47785747,8><239141315,8><91067832,8>]
15924858 [<48132655,8><2363991,8><338017544,8><20999409,8><239141315,8><176310143,8><91067832,8><3245291,8><229969377,8>]
16504528 [<48132655,8><2363991,8><338017544,8><239141315,8><176310143,8><3245291,8><91067832,8><229969377,8>]
176310143 [<16504528,8><182609394,8><183786731,8><47787563,8><338017544,8><15924858,8><47785747,8><20999409,8><239141315,8><3245291,8>]
48132655 [<183786731,8><2363991,8><15924858,8><47785747,8><20999409,8><3245291,8><16504528,8><182609394,8><47787563,8><338017544,8><239141315,8><91067832,8><229969377,8>]
91067832 [<183786731,8><15924858,8><47785747,8><3245291,8><16504528,8><182609394,8><48132655,8><47787563,8><239141315,8><229969377,8>]
183786731 [<48132655,8><2363991,8><338017544,8><20999409,8><239141315,8><176310143,8><91067832,8><229969377,8>]
182609394 [<48132655,8><2363991,8><338017544,8><20999409,8><239141315,8><176310143,8><91067832,8><229969377,8>]
20999409 [<183786731,8><2363991,8><15924858,8><176310143,8><3245291,8><182609394,8><47787563,8><48132655,8><338017544,8>]
3245291 [<16504528,8><48132655,8><47787563,8><2363991,8><338017544,8><15924858,8><47785747,8><20999409,8><239141315,8><176310143,8><91067832,8>]
47787563 [<2363991,8><20999409,8><176310143,8><3245291,8><48132655,8><338017544,8><239141315,8><91067832,8><229969377,8>]
239141315 [<183786731,8><2363991,8><15924858,8><47785747,8><176310143,8><3245291,8><16504528,8><182609394,8><48132655,8><47787563,8><338017544,8><91067832,8><229969377,8>]
Density: 0.0
SnowBall 41
149538028 []
Density: 0.0
SnowBall 42
304462046 []
Density: 1.0
SnowBall 43
40076725 [<93787797,2><93998005,2>]
14230524 [<93787797,2><93998005,2>]
93787797 [<40076725,2><14230524,2>]
93998005 [<40076725,2><14230524,2>]
Density: 0.0
SnowBall 44
34416153 []
Density: 0.0
SnowBall 45
144631425 []
Density: 0.0
SnowBall 46
131029775 []
Density: 0.0
SnowBall 47
274153775 []
Density: 0.0
SnowBall 48
207594668 []
Density: 0.0
SnowBall 49
313359626 []
Density: 0.0
SnowBall 50
38761811 []
Density: 0.0
SnowBall 51
16840742 []
Density: 0.0
SnowBall 52
291403100 []
Density: 2.9166666666666665
SnowBall 53
7670202 [<14303746,5><1183041,5><17787399,5><2576401,5><25649234,5>]
2576401 [<3253671,5><14303746,5><14269220,5><7670202,5><1183041,5><15913,5><14464369,5>]
18594420 [<3253671,5><14269220,5><14303746,5><1183041,5><15913,5><14464369,5>]
1183041 [<7670202,5><17787399,5><2576401,5><22970486,5><25649234,5><18594420,5>]
15913 [<3253671,5><17787399,5><2576401,5><22970486,5><25649234,5><18594420,5>]
25649234 [<3253671,5><14269220,5><14303746,5><7670202,5><1183041,5><14464369,5><15913,5>]
14464369 [<17787399,5><2576401,5><22970486,5><25649234,5><18594420,5>]
14303746 [<7670202,5><17787399,5><2576401,5><22970486,5><25649234,5><18594420,5>]
17787399 [<14269220,5><14303746,5><7670202,5><1183041,5><15913,5><14464369,5>]
3253671 [<14269220,5><2576401,5><25649234,5><18594420,5><15913,5>]
14269220 [<3253671,5><17787399,5><2576401,5><22970486,5><25649234,5><18594420,5>]
22970486 [<14269220,5><14303746,5><1183041,5><15913,5><14464369,5>]
Density: 0.0
SnowBall 54
42676302 []
Density: 2.5
SnowBall 55
18486881 [<30313925,5><20436059,5><18486243,5><19658936,5><16669075,5>]
30313925 [<18486881,5><20436059,5><18486243,5><19658936,5><16669075,5>]
20436059 [<18486881,5><30313925,5><18486243,5><19658936,5><16669075,5>]
18486243 [<18486881,5><30313925,5><20436059,5><19658936,5><16669075,5>]
19658936 [<18486881,5><30313925,5><20436059,5><18486243,5><16669075,5>]
16669075 [<18486881,5><30313925,5><20436059,5><18486243,5><19658936,5>]
Density: 0.0
SnowBall 56
52498113 []
Density: 11.577777777777778
SnowBall 57
195475105 [<280935165,17><19358562,17><83943787,17><18996905,17><200214366,17><34428380,17><200494218,17><121533789,17><202195505,17><216843160,17><40981798,17><206923844,17><230880104,17><31331740,17><175553601,17><248224845,17><116036694,17><133055665,17><69592091,17><17868918,17><307458983,17><217796457,17><248883350,17><186909156,17><27633075,17><22462180,17><18951737,17><211933541,17><43003845,17>]
228270980 [<280935165,17><19358562,17><18996905,17><83943787,17><34428380,17><121533789,17><202195505,17><40981798,17><26929220,17><314316607,17><117674417,17><31331740,17><133055665,17><238260874,17><116036694,17><69592091,17><17868918,17><217796457,17><8088112,17><248883350,17><27633075,17><265077741,17><22462180,17><18951737,17><43003845,17>]
216843160 [<195475105,17><34428380,17><200214366,17><202195505,17><187773078,17><166214735,17><40981798,17><117674417,17><31331740,17><175553601,17><248224845,17><238260874,17><116036694,17><307458983,17><8088112,17><248883350,17><27633075,17><22462180,17><211933541,17><59588845,17><43003845,17>]
26929220 [<307458983,17><217796457,17><228270980,17><248883350,17><186909156,17><265077741,17><229425177,17><202195505,17><166214735,17><314316607,17><206923844,17><230880104,17><70492333,17><59588845,17><175553601,17><43003845,17><160237722,17>]
31331740 [<195475105,17><228270980,17><200494218,17><202195505,17><187773078,17><216843160,17><166214735,17><40981798,17><314316607,17><230880104,17><175553601,17><248224845,17><62985251,17><202114894,17><307458983,17><217796457,17><186909156,17><18951737,17><211933541,17><70492333,17><59588845,17><160237722,17>]
175553601 [<280935165,17><195475105,17><19358562,17><83943787,17><18996905,17><34428380,17><187773078,17><216843160,17><40981798,17><26929220,17><314316607,17><206923844,17><117674417,17><230880104,17><31331740,17><133055665,17><116036694,17><69592091,17><17868918,17><307458983,17><217796457,17><248883350,17><186909156,17><27633075,17><229425177,17><265077741,17><22462180,17><18951737,17><43003845,17><160237722,17>]
69592091 [<202114894,17><195475105,17><307458983,17><217796457,17><228270980,17><248883350,17><265077741,17><229425177,17><200494218,17><187773078,17><40981798,17><314316607,17><230880104,17><70492333,17><175553601,17><59588845,17><43003845,17><160237722,17>]
17868918 [<195475105,17><18996905,17><228270980,17><200494218,17><202195505,17><187773078,17><40981798,17><166214735,17><314316607,17><230880104,17><175553601,17><248224845,17><62985251,17><202114894,17><307458983,17><217796457,17><248883350,17><186909156,17><229425177,17><265077741,17><18951737,17><70492333,17><43003845,17><160237722,17>]
8088112 [<202114894,17><307458983,17><217796457,17><200214366,17><228270980,17><186909156,17><248883350,17><265077741,17><229425177,17><216843160,17><40981798,17><314316607,17><211933541,17><70492333,17><59588845,17><43003845,17><248224845,17><160237722,17><62985251,17>]
229425177 [<280935165,17><19358562,17><18996905,17><83943787,17><34428380,17><202195505,17><40981798,17><26929220,17><314316607,17><206923844,17><117674417,17><230880104,17><175553601,17><69592091,17><17868918,17><8088112,17><248883350,17><27633075,17><22462180,17><18951737,17><70492333,17><43003845,17>]
59588845 [<280935165,17><83943787,17><34428380,17><8088112,17><27633075,17><22462180,17><40981798,17><216843160,17><26929220,17><117674417,17><31331740,17><70492333,17><43003845,17><133055665,17><116036694,17><238260874,17><69592091,17>]
43003845 [<195475105,17><19358562,17><18996905,17><34428380,17><200214366,17><228270980,17><200494218,17><121533789,17><202195505,17><187773078,17><40981798,17><166214735,17><216843160,17><26929220,17><314316607,17><206923844,17><230880104,17><175553601,17><248224845,17><116036694,17><69592091,17><62985251,17><17868918,17><202114894,17><307458983,17><217796457,17><8088112,17><248883350,17><186909156,17><229425177,17><265077741,17><22462180,17><18951737,17><211933541,17><70492333,17><59588845,17><160237722,17>]
83943787 [<202114894,17><195475105,17><307458983,17><217796457,17><200214366,17><228270980,17><186909156,17><248883350,17><229425177,17><265077741,17><200494218,17><187773078,17><40981798,17><314316607,17><211933541,17><230880104,17><59588845,17><175553601,17><160237722,17><62985251,17>]
248224845 [<195475105,17><19358562,17><18996905,17><34428380,17><200214366,17><40981798,17><166214735,17><216843160,17><117674417,17><31331740,17><133055665,17><238260874,17><17868918,17><307458983,17><8088112,17><186909156,17><27633075,17><22462180,17><43003845,17>]
133055665 [<202114894,17><195475105,17><307458983,17><228270980,17><186909156,17><248883350,17><265077741,17><202195505,17><187773078,17><40981798,17><166214735,17><314316607,17><206923844,17><211933541,17><230880104,17><59588845,17><175553601,17><248224845,17><160237722,17><62985251,17>]
62985251 [<280935165,17><19358562,17><83943787,17><18996905,17><34428380,17><121533789,17><187773078,17><40981798,17><117674417,17><31331740,17><238260874,17><133055665,17><17868918,17><307458983,17><8088112,17><27633075,17><22462180,17><18951737,17><43003845,17>]
217796457 [<280935165,17><195475105,17><19358562,17><83943787,17><18996905,17><34428380,17><228270980,17><200494218,17><121533789,17><187773078,17><40981798,17><26929220,17><314316607,17><206923844,17><117674417,17><31331740,17><230880104,17><175553601,17><116036694,17><69592091,17><17868918,17><307458983,17><8088112,17><27633075,17><22462180,17><18951737,17><43003845,17><160237722,17>]
280935165 [<202114894,17><195475105,17><307458983,17><217796457,17><228270980,17><248883350,17><229425177,17><200494218,17><187773078,17><40981798,17><314316607,17><206923844,17><230880104,17><59588845,17><175553601,17><160237722,17><62985251,17>]
19358562 [<195475105,17><307458983,17><217796457,17><18996905,17><228270980,17><248883350,17><186909156,17><229425177,17><200494218,17><202195505,17><187773078,17><40981798,17><166214735,17><314316607,17><18951737,17><206923844,17><230880104,17><175553601,17><43003845,17><160237722,17><248224845,17><62985251,17>]
200214366 [<195475105,17><83943787,17><34428380,17><187773078,17><216843160,17><40981798,17><117674417,17><248224845,17><238260874,17><116036694,17><307458983,17><8088112,17><186909156,17><27633075,17><22462180,17><211933541,17><70492333,17><43003845,17>]
200494218 [<280935165,17><195475105,17><19358562,17><83943787,17><217796457,17><18996905,17><34428380,17><27633075,17><121533789,17><22462180,17><187773078,17><40981798,17><314316607,17><117674417,17><31331740,17><43003845,17><238260874,17><116036694,17><69592091,17><17868918,17>]
121533789 [<195475105,17><307458983,17><217796457,17><228270980,17><186909156,17><265077741,17><200494218,17><202195505,17><40981798,17><166214735,17><314316607,17><206923844,17><211933541,17><230880104,17><43003845,17><160237722,17><62985251,17>]
314316607 [<280935165,17><19358562,17><83943787,17><18996905,17><34428380,17><228270980,17><200494218,17><121533789,17><187773078,17><40981798,17><26929220,17><206923844,17><117674417,17><230880104,17><31331740,17><175553601,17><133055665,17><116036694,17><69592091,17><17868918,17><307458983,17><217796457,17><8088112,17><248883350,17><27633075,17><229425177,17><265077741,17><22462180,17><18951737,17><43003845,17><160237722,17>]
117674417 [<200214366,17><228270980,17><200494218,17><202195505,17><166214735,17><216843160,17><314316607,17><175553601,17><248224845,17><62985251,17><202114894,17><307458983,17><217796457,17><248883350,17><186909156,17><229425177,17><265077741,17><211933541,17><70492333,17><59588845,17>]
116036694 [<202114894,17><195475105,17><307458983,17><217796457,17><200214366,17><228270980,17><186909156,17><248883350,17><265077741,17><200494218,17><202195505,17><187773078,17><40981798,17><216843160,17><314316607,17><211933541,17><230880104,17><70492333,17><59588845,17><175553601,17><43003845,17><160237722,17>]
238260874 [<202114894,17><307458983,17><200214366,17><228270980,17><248883350,17><186909156,17><200494218,17><202195505,17><187773078,17><216843160,17><166214735,17><211933541,17><70492333,17><59588845,17><160237722,17><248224845,17><62985251,17>]
307458983 [<280935165,17><195475105,17><19358562,17><83943787,17><18996905,17><200214366,17><34428380,17><121533789,17><187773078,17><166214735,17><216843160,17><40981798,17><26929220,17><314316607,17><117674417,17><230880104,17><31331740,17><175553601,17><248224845,17><116036694,17><133055665,17><238260874,17><69592091,17><62985251,17><17868918,17><217796457,17><8088112,17><248883350,17><186909156,17><27633075,17><22462180,17><211933541,17><43003845,17><160237722,17>]
248883350 [<280935165,17><195475105,17><19358562,17><83943787,17><18996905,17><34428380,17><228270980,17><40981798,17><166214735,17><216843160,17><26929220,17><314316607,17><206923844,17><117674417,17><230880104,17><175553601,17><133055665,17><238260874,17><116036694,17><69592091,17><17868918,17><307458983,17><8088112,17><27633075,17><229425177,17><22462180,17><43003845,17><160237722,17>]
27633075 [<195475105,17><200214366,17><228270980,17><200494218,17><202195505,17><187773078,17><166214735,17><216843160,17><314316607,17><230880104,17><175553601,17><248224845,17><62985251,17><202114894,17><307458983,17><217796457,17><248883350,17><186909156,17><229425177,17><265077741,17><211933541,17><70492333,17><59588845,17><160237722,17>]
22462180 [<195475105,17><18996905,17><200214366,17><228270980,17><200494218,17><202195505,17><187773078,17><40981798,17><166214735,17><216843160,17><314316607,17><230880104,17><175553601,17><248224845,17><62985251,17><202114894,17><307458983,17><217796457,17><248883350,17><186909156,17><229425177,17><265077741,17><18951737,17><211933541,17><70492333,17><59588845,17><43003845,17><160237722,17>]
18951737 [<195475105,17><19358562,17><18996905,17><217796457,17><34428380,17><228270980,17><229425177,17><265077741,17><22462180,17><40981798,17><314316607,17><206923844,17><230880104,17><31331740,17><175553601,17><43003845,17><160237722,17><62985251,17><17868918,17>]
160237722 [<280935165,17><19358562,17><83943787,17><18996905,17><34428380,17><121533789,17><187773078,17><40981798,17><26929220,17><314316607,17><206923844,17><230880104,17><31331740,17><175553601,17><133055665,17><238260874,17><116036694,17><69592091,17><17868918,17><307458983,17><217796457,17><8088112,17><248883350,17><27633075,17><22462180,17><18951737,17><43003845,17>]
18996905 [<195475105,17><19358562,17><34428380,17><228270980,17><200494218,17><202195505,17><187773078,17><166214735,17><40981798,17><314316607,17><206923844,17><230880104,17><175553601,17><248224845,17><62985251,17><17868918,17><202114894,17><307458983,17><217796457,17><248883350,17><186909156,17><229425177,17><265077741,17><22462180,17><18951737,17><211933541,17><70492333,17><43003845,17><160237722,17>]
34428380 [<195475105,17><18996905,17><200214366,17><228270980,17><200494218,17><202195505,17><187773078,17><40981798,17><166214735,17><216843160,17><314316607,17><230880104,17><175553601,17><248224845,17><62985251,17><202114894,17><307458983,17><217796457,17><248883350,17><186909156,17><229425177,17><265077741,17><18951737,17><211933541,17><70492333,17><59588845,17><43003845,17><160237722,17>]
202195505 [<195475105,17><19358562,17><18996905,17><34428380,17><228270980,17><121533789,17><40981798,17><216843160,17><26929220,17><117674417,17><31331740,17><133055665,17><238260874,17><116036694,17><17868918,17><27633075,17><229425177,17><22462180,17><43003845,17>]
187773078 [<280935165,17><19358562,17><83943787,17><18996905,17><34428380,17><200214366,17><200494218,17><40981798,17><166214735,17><216843160,17><314316607,17><230880104,17><31331740,17><175553601,17><116036694,17><133055665,17><238260874,17><69592091,17><62985251,17><17868918,17><202114894,17><307458983,17><217796457,17><27633075,17><265077741,17><22462180,17><43003845,17><160237722,17>]
40981798 [<280935165,17><195475105,17><19358562,17><200214366,17><228270980,17><200494218,17><121533789,17><216843160,17><314316607,17><31331740,17><175553601,17><116036694,17><69592091,17><17868918,17><307458983,17><8088112,17><248883350,17><229425177,17><22462180,17><18951737,17><59588845,17><43003845,17><160237722,17><18996905,17><83943787,17><34428380,17><202195505,17><187773078,17><166214735,17><206923844,17><230880104,17><248224845,17><133055665,17><62985251,17><202114894,17><217796457,17><186909156,17><265077741,17><211933541,17><70492333,17>]
166214735 [<19358562,17><18996905,17><34428380,17><121533789,17><187773078,17><216843160,17><40981798,17><26929220,17><117674417,17><31331740,17><248224845,17><133055665,17><238260874,17><17868918,17><307458983,17><248883350,17><27633075,17><22462180,17><70492333,17><43003845,17>]
206923844 [<280935165,17><195475105,17><19358562,17><18996905,17><121533789,17><40981798,17><26929220,17><314316607,17><230880104,17><175553601,17><133055665,17><217796457,17><248883350,17><186909156,17><229425177,17><18951737,17><43003845,17><160237722,17>]
230880104 [<280935165,17><195475105,17><19358562,17><83943787,17><18996905,17><34428380,17><121533789,17><187773078,17><40981798,17><26929220,17><314316607,17><206923844,17><31331740,17><175553601,17><133055665,17><116036694,17><69592091,17><17868918,17><307458983,17><217796457,17><248883350,17><27633075,17><229425177,17><265077741,17><22462180,17><18951737,17><43003845,17><160237722,17>]
202114894 [<280935165,17><83943787,17><18996905,17><8088112,17><34428380,17><27633075,17><22462180,17><187773078,17><40981798,17><117674417,17><31331740,17><43003845,17><133055665,17><116036694,17><238260874,17><69592091,17><17868918,17>]
186909156 [<195475105,17><19358562,17><83943787,17><18996905,17><34428380,17><200214366,17><121533789,17><40981798,17><26929220,17><206923844,17><117674417,17><31331740,17><175553601,17><248224845,17><133055665,17><238260874,17><116036694,17><17868918,17><307458983,17><8088112,17><27633075,17><22462180,17><211933541,17><70492333,17><43003845,17>]
265077741 [<18996905,17><83943787,17><34428380,17><228270980,17><121533789,17><187773078,17><40981798,17><26929220,17><314316607,17><117674417,17><230880104,17><175553601,17><133055665,17><116036694,17><69592091,17><17868918,17><8088112,17><27633075,17><22462180,17><18951737,17><43003845,17>]
211933541 [<195475105,17><307458983,17><83943787,17><18996905,17><8088112,17><200214366,17><34428380,17><186909156,17><27633075,17><121533789,17><22462180,17><216843160,17><40981798,17><117674417,17><31331740,17><43003845,17><116036694,17><238260874,17><133055665,17>]
70492333 [<18996905,17><34428380,17><200214366,17><8088112,17><186909156,17><27633075,17><229425177,17><22462180,17><166214735,17><40981798,17><26929220,17><117674417,17><31331740,17><59588845,17><43003845,17><116036694,17><238260874,17><69592091,17><17868918,17>]
Density: 1.6666666666666667
SnowBall 58
37170886 [<15439395,3><30096240,3><19898730,3><21556071,3>]
15439395 [<37170886,3><30096240,3><19898730,3>]
41945050 [<14622632,3><33097148,3><37792861,3>]
14622632 [<41945050,3><30096240,3><33097148,3><37792861,3>]
30096240 [<15439395,3><37170886,3><14622632,3><21556071,3>]
33097148 [<41945050,3><14622632,3><37792861,3>]
19898730 [<15439395,3><37170886,3><21556071,3>]
21556071 [<37170886,3><30096240,3><19898730,3>]
37792861 [<41945050,3><14622632,3><33097148,3>]
Density: 0.0
SnowBall 59
191896931 []
Density: 0.0
SnowBall 60
42098834 []
Density: 0.0
SnowBall 61
3338681 []
Density: 1.5
SnowBall 62
22745706 [<75370828,3><224581852,3><17346342,3>]
75370828 [<22745706,3><224581852,3><17346342,3>]
224581852 [<22745706,3><75370828,3><17346342,3>]
17346342 [<22745706,3><75370828,3><224581852,3>]
Density: 0.0
SnowBall 63
258447233 []
Density: 0.5
SnowBall 64
66185823 [<42912024,1>]
42912024 [<66185823,1>]
Density: 0.0
SnowBall 65
184594566 []
Density: 0.0
SnowBall 66
37977732 []
Density: 0.0
SnowBall 67
124528830 []
Density: 1.2
SnowBall 68
153226312 [<358845982,2><232706326,2>]
165436952 [<358845982,2><232706326,2>]
204317520 [<358845982,2><232706326,2>]
358845982 [<153226312,2><165436952,2><204317520,2>]
232706326 [<153226312,2><165436952,2><204317520,2>]
Density: 1.0
SnowBall 69
198370650 [<40813518,2><14589257,2>]
40813518 [<198370650,2><14589257,2>]
14589257 [<198370650,2><40813518,2>]
Density: 0.0
SnowBall 70
27595997 []
Density: 0.0
SnowBall 71
78944566 []
Density: 1.0
SnowBall 72
8768832 [<88109378,2><16285517,2>]
88109378 [<8768832,2><45310286,2>]
45310286 [<88109378,2><16285517,2>]
16285517 [<8768832,2><45310286,2>]
Density: 0.5
SnowBall 73
18734310 [<44666348,1>]
44666348 [<18734310,1>]
Density: 0.5
SnowBall 74
48730516 [<9524062,1>]
9524062 [<48730516,1>]
Density: 0.0
SnowBall 75
17403755 []
Density: 0.0
SnowBall 76
39695043 []
Density: 1.4
SnowBall 77
237845487 [<15227791,2><197731654,2><128956175,2>]
15227791 [<237845487,2><40564708,2><197731654,2>]
40564708 [<15227791,2><128956175,2>]
197731654 [<237845487,2><15227791,2><128956175,2>]
128956175 [<237845487,2><40564708,2><197731654,2>]
Density: 0.6666666666666666
SnowBall 78
72339761 [<263224927,1>]
263224927 [<72339761,1><96483973,1>]
96483973 [<263224927,1>]
Density: 1.0
SnowBall 79
36618690 [<356897757,2><238289569,2>]
356897757 [<36618690,2><238289569,2>]
238289569 [<36618690,2><356897757,2>]
Density: 0.5
SnowBall 80
71091272 [<315418321,1>]
315418321 [<71091272,1>]
Density: 1.5
SnowBall 81
20471349 [<35166642,3><279854450,3><212642904,3>]
35166642 [<20471349,3><279854450,3><212642904,3>]
279854450 [<20471349,3><35166642,3><212642904,3>]
212642904 [<20471349,3><35166642,3><279854450,3>]
Density: 0.0
SnowBall 82
17822419 []
Density: 0.0
SnowBall 83
190696559 []
Density: 0.0
SnowBall 84
16591188 []
Density: 0.5
SnowBall 85
549089429 [<51694885,1>]
51694885 [<549089429,1>]
Density: 1.0
SnowBall 86
31246395 [<73443014,2><166739404,2>]
73443014 [<31246395,2><166739404,2>]
166739404 [<31246395,2><73443014,2>]
Density: 0.0
SnowBall 87
104352067 []
Density: 0.0
SnowBall 88
52442002 []
Density: 0.0
SnowBall 89
16987303 []
Density: 0.0
SnowBall 90
54226675 []
Density: 5.230769230769231
SnowBall 91
187744415 [<63787760,10><16464746,10><31610343,10><169216507,10><19563357,10><35722372,10><40580577,10><93905958,10><170729553,10><16734718,10><28490110,10>]
63787760 [<187744415,10><31610343,10><16464746,10><169216507,10><19563357,10><35722372,10><40580577,10><93905958,10><170729553,10><16734718,10><28490110,10>]
31610343 [<187744415,10><63787760,10><16464746,10><169216507,10><19563357,10><35722372,10><40580577,10><93905958,10><18895362,10><16734718,10><28490110,10>]
16464746 [<40580577,10><187744415,10><18895362,10><63787760,10><31610343,10><170729553,10><28490110,10><16734718,10><169216507,10><19563357,10>]
169216507 [<187744415,10><63787760,10><31610343,10><16464746,10><35722372,10><40580577,10><93905958,10><18895362,10><170729553,10><28490110,10>]
19563357 [<187744415,10><63787760,10><16464746,10><31610343,10><35722372,10><40580577,10><93905958,10><18895362,10><170729553,10><16734718,10>]
35722372 [<40580577,10><187744415,10><18895362,10><63787760,10><31610343,10><170729553,10><28490110,10><16734718,10><169216507,10><19563357,10>]
40580577 [<187744415,10><63787760,10><31610343,10><16464746,10><169216507,10><19563357,10><35722372,10><93905958,10><18895362,10><170729553,10><16734718,10><28490110,10>]
93905958 [<40580577,10><187744415,10><18895362,10><63787760,10><31610343,10><170729553,10><28490110,10><16734718,10><169216507,10><19563357,10>]
18895362 [<16464746,10><31610343,10><169216507,10><19563357,10><35722372,10><40580577,10><93905958,10><170729553,10><16734718,10><28490110,10>]
170729553 [<187744415,10><63787760,10><16464746,10><169216507,10><19563357,10><35722372,10><40580577,10><93905958,10><18895362,10><16734718,10>]
28490110 [<187744415,10><63787760,10><16464746,10><31610343,10><169216507,10><35722372,10><40580577,10><93905958,10><18895362,10><16734718,10>]
16734718 [<187744415,10><63787760,10><16464746,10><31610343,10><19563357,10><35722372,10><40580577,10><93905958,10><18895362,10><170729553,10><28490110,10>]
Density: 0.5
SnowBall 92
21318259 [<57107167,1>]
57107167 [<21318259,1>]
Density: 0.0
SnowBall 93
90779436 []
Density: 4.75
SnowBall 94
240740059 [<101859065,7><284422688,7><28149277,7><22784458,7><159629146,7><111164068,7><82030021,7><28482819,7>]
101859065 [<240740059,7><49253437,7><54791004,7><184391654,7><29514951,7><73707412,7><267383914,7><269485905,7>]
28149277 [<240740059,7><261973875,7><49253437,7><159629146,7><54791004,7><184391654,7><29514951,7><73707412,7><267383914,7><269485905,7>]
261973875 [<131601987,7><284422688,7><28149277,7><22784458,7><111164068,7><82030021,7><269485905,7>]
22784458 [<240740059,7><261973875,7><66136244,7><49253437,7><159629146,7><54791004,7><184391654,7><73707412,7><29514951,7><267383914,7><269485905,7>]
49253437 [<101859065,7><284422688,7><28149277,7><22784458,7><66136244,7><29514951,7><111164068,7><204089551,7><82030021,7><28482819,7>]
54791004 [<101859065,7><131601987,7><284422688,7><28149277,7><22784458,7><66136244,7><204089551,7><82030021,7>]
29514951 [<101859065,7><28149277,7><22784458,7><49253437,7><73707412,7><267383914,7><204089551,7><82030021,7><131601987,7><284422688,7><159629146,7><184391654,7><111164068,7><28482819,7><269485905,7>]
73707412 [<101859065,7><131601987,7><284422688,7><28149277,7><22784458,7><159629146,7><29514951,7><111164068,7><204089551,7><82030021,7><28482819,7>]
267383914 [<101859065,7><131601987,7><284422688,7><28149277,7><22784458,7><29514951,7><111164068,7><204089551,7><82030021,7><28482819,7>]
204089551 [<49253437,7><66136244,7><159629146,7><54791004,7><184391654,7><29514951,7><73707412,7><267383914,7>]
82030021 [<240740059,7><261973875,7><49253437,7><159629146,7><54791004,7><184391654,7><73707412,7><29514951,7><267383914,7><269485905,7>]
131601987 [<261973875,7><66136244,7><159629146,7><54791004,7><29514951,7><73707412,7><267383914,7><269485905,7>]
284422688 [<240740059,7><261973875,7><66136244,7><49253437,7><159629146,7><54791004,7><73707412,7><29514951,7><267383914,7><269485905,7>]
66136244 [<131601987,7><284422688,7><22784458,7><49253437,7><54791004,7><111164068,7><204089551,7><269485905,7>]
159629146 [<240740059,7><131601987,7><284422688,7><28149277,7><22784458,7><29514951,7><73707412,7><111164068,7><204089551,7><82030021,7><28482819,7><269485905,7>]
184391654 [<101859065,7><28149277,7><22784458,7><29514951,7><111164068,7><204089551,7><82030021,7><28482819,7>]
111164068 [<240740059,7><261973875,7><66136244,7><49253437,7><159629146,7><184391654,7><73707412,7><29514951,7><267383914,7><269485905,7>]
28482819 [<240740059,7><49253437,7><159629146,7><184391654,7><29514951,7><73707412,7><267383914,7>]
269485905 [<101859065,7><131601987,7><284422688,7><28149277,7><261973875,7><22784458,7><66136244,7><159629146,7><29514951,7><111164068,7><82030021,7>]
Density: 0.0
SnowBall 95
54331626 []
Density: 1.2857142857142858
SnowBall 96
64619842 [<24585498,2><87764480,2><15901190,2>]
48436259 [<87764480,2><15901190,2><16890969,2>]
24585498 [<64619842,2><20319646,2>]
87764480 [<64619842,2><48436259,2><20319646,2>]
15901190 [<64619842,2><48436259,2>]
16890969 [<48436259,2><20319646,2>]
20319646 [<24585498,2><87764480,2><16890969,2>]
Density: 0.6666666666666666
SnowBall 97
14803701 [<37899473,1><179065820,1>]
37899473 [<14803701,1>]
179065820 [<14803701,1>]
Density: 2.0
SnowBall 98
8295072 [<437300342,4><6408382,4><70160230,4><5747502,4>]
437300342 [<8295072,4><6408382,4><70160230,4><5747502,4>]
6408382 [<8295072,4><437300342,4><70160230,4><5747502,4>]
70160230 [<8295072,4><437300342,4><6408382,4><5747502,4>]
5747502 [<8295072,4><437300342,4><6408382,4><70160230,4>]
Density: 1.0
SnowBall 99
66100530 [<629863,2><21506437,2>]
65357070 [<20015311,2><21506437,2>]
20015311 [<629863,2><65357070,2>]
629863 [<66100530,2><20015311,2>]
21506437 [<66100530,2><65357070,2>]
Density: 0.0
SnowBall 100
36475508 []
Density: 0.0
SnowBall 101
17116707 []
Density: 0.8333333333333334
SnowBall 102
63084853 [<266182056,1><7702232,1><28719244,1>]
266182056 [<63084853,1><86775971,1>]
7702232 [<63084853,1>]
36198161 [<86775971,1>]
86775971 [<266182056,1><36198161,1>]
28719244 [<63084853,1>]
Density: 1.0
SnowBall 103
301297627 [<112939321,2><440963134,2>]
197903282 [<112939321,2><440963134,2>]
112939321 [<301297627,2><197903282,2>]
440963134 [<301297627,2><197903282,2>]
Density: 0.6666666666666666
SnowBall 104
40705032 [<10810102,1>]
47854857 [<10810102,1>]
10810102 [<40705032,1><47854857,1>]
Density: 0.0
SnowBall 105
613313 []
Density: 0.0
SnowBall 106
47673661 []
Density: 0.0
SnowBall 107
61158706 []
Density: 0.0
SnowBall 108
61890555 []
Density: 0.0
SnowBall 109
23469247 []
Density: 0.0
SnowBall 110
47359057 []
Density: 0.0
SnowBall 111
33080832 []
Density: 0.6666666666666666
SnowBall 112
15693493 [<21437537,1><238264600,1>]
21437537 [<15693493,1>]
238264600 [<15693493,1>]
Density: 0.5
SnowBall 113
18825961 [<17627996,1>]
17627996 [<18825961,1>]
Density: 0.0
SnowBall 114
18470775 []
Density: 0.0
SnowBall 115
400867704 []
Density: 0.0
SnowBall 116
58525541 []
Density: 1.5
SnowBall 117
26033920 [<2841151,3><5774432,3><5773532,3>]
2841151 [<26033920,3><5774432,3><5773532,3>]
5774432 [<26033920,3><2841151,3><5773532,3>]
5773532 [<26033920,3><2841151,3><5774432,3>]
Density: 0.0
SnowBall 118
64253854 []
Density: 0.75
SnowBall 119
99841247 [<189592841,1>]
83048001 [<189592841,1>]
189592841 [<99841247,1><83048001,1><46160500,1>]
46160500 [<189592841,1>]
Density: 5.476190476190476
SnowBall 120
19802879 [<484991854,9><80660928,9><19668026,9><317313520,9><168537920,9><189253902,9><159588456,9><23503181,9><80297299,9><235219400,9><16809036,9>]
25565646 [<484991854,9><80660928,9><19668026,9><317313520,9><189253902,9><159588456,9><23503181,9><235219400,9><80297299,9><16809036,9><20060293,9>]
16809036 [<50115087,9><16580226,9><28123862,9><86336234,9><19668026,9><168537920,9><19802879,9><15519544,9><159588456,9><25565646,9><20060293,9>]
80660928 [<50115087,9><484991854,9><16580226,9><28123862,9><86336234,9><43166813,9><52758395,9><19802879,9><15519544,9><25565646,9><80297299,9><20060293,9>]
52758395 [<484991854,9><80660928,9><317313520,9><19668026,9><189253902,9><168537920,9><159588456,9><23503181,9><235219400,9><20060293,9>]
20060293 [<50115087,9><484991854,9><43166813,9><317313520,9><19668026,9><189253902,9><159588456,9><23503181,9><25565646,9><80297299,9><235219400,9><16809036,9><28123862,9><80660928,9><168537920,9><52758395,9>]
484991854 [<50115087,9><16580226,9><86336234,9><80660928,9><52758395,9><19802879,9><15519544,9><25565646,9><20060293,9>]
19668026 [<43166813,9><19802879,9><159588456,9><23503181,9><25565646,9><235219400,9><16809036,9><16580226,9><28123862,9><52758395,9><15519544,9><20060293,9>]
189253902 [<50115087,9><16580226,9><28123862,9><86336234,9><43166813,9><19802879,9><52758395,9><15519544,9><159588456,9><23503181,9><25565646,9><20060293,9>]
159588456 [<50115087,9><43166813,9><19668026,9><189253902,9><19802879,9><25565646,9><235219400,9><16809036,9><28123862,9><86336234,9><168537920,9><52758395,9><15519544,9><20060293,9>]
23503181 [<50115087,9><43166813,9><317313520,9><19668026,9><189253902,9><19802879,9><25565646,9><235219400,9><16580226,9><28123862,9><86336234,9><52758395,9><20060293,9>]
80297299 [<50115087,9><43166813,9><19802879,9><25565646,9><16580226,9><28123862,9><86336234,9><80660928,9><15519544,9><20060293,9>]
235219400 [<50115087,9><43166813,9><19668026,9><19802879,9><159588456,9><23503181,9><25565646,9><16580226,9><28123862,9><86336234,9><52758395,9><15519544,9><20060293,9>]
16580226 [<484991854,9><80660928,9><19668026,9><168537920,9><189253902,9><23503181,9><80297299,9><235219400,9><16809036,9>]
15519544 [<484991854,9><80660928,9><317313520,9><19668026,9><168537920,9><189253902,9><159588456,9><235219400,9><80297299,9><16809036,9>]
50115087 [<484991854,9><80660928,9><189253902,9><159588456,9><23503181,9><235219400,9><80297299,9><16809036,9><20060293,9>]
43166813 [<80660928,9><317313520,9><19668026,9><189253902,9><168537920,9><159588456,9><23503181,9><80297299,9><235219400,9><20060293,9>]
317313520 [<43166813,9><19802879,9><23503181,9><25565646,9><28123862,9><86336234,9><168537920,9><52758395,9><15519544,9><20060293,9>]
28123862 [<19668026,9><317313520,9><189253902,9><159588456,9><23503181,9><235219400,9><80297299,9><16809036,9><80660928,9><20060293,9>]
86336234 [<484991854,9><80660928,9><317313520,9><189253902,9><159588456,9><23503181,9><235219400,9><80297299,9><16809036,9>]
168537920 [<16580226,9><43166813,9><317313520,9><19802879,9><52758395,9><15519544,9><159588456,9><16809036,9><20060293,9>]
Density: 0.0
SnowBall 121
16453996 []
Density: 0.0
SnowBall 122
5506012 []
Density: 2.6666666666666665
SnowBall 123
24742040 [<189111957,5><58930815,5><184755890,5><74264908,5><253360762,5>]
17092592 [<189111957,5><58930815,5><184755890,5><18988524,5><253360762,5>]
18927441 [<189111957,5><58930815,5><184755890,5><74264908,5><18988524,5><253360762,5>]
58930815 [<24742040,5><11928542,5><17092592,5><10671602,5><22258315,5><18927441,5>]
253360762 [<24742040,5><11928542,5><17092592,5><22258315,5><18927441,5>]
189111957 [<24742040,5><11928542,5><17092592,5><10671602,5><18988524,5><22258315,5><18927441,5>]
10671602 [<189111957,5><58930815,5><184755890,5><74264908,5><18988524,5>]
18988524 [<189111957,5><11928542,5><17092592,5><10671602,5><18927441,5>]
22258315 [<189111957,5><58930815,5><184755890,5><74264908,5><253360762,5>]
11928542 [<189111957,5><58930815,5><74264908,5><18988524,5><253360762,5>]
184755890 [<24742040,5><17092592,5><10671602,5><22258315,5><18927441,5>]
74264908 [<24742040,5><11928542,5><10671602,5><22258315,5><18927441,5>]
Density: 0.0
SnowBall 124
6650612 []
Density: 0.0
SnowBall 125
68179571 []
Density: 0.0
SnowBall 126
68480165 []
Density: 0.0
SnowBall 127
380580781 []
Density: 1.0
SnowBall 128
44473103 [<86560711,2><312284236,2>]
223702895 [<86560711,2><312284236,2>]
86560711 [<44473103,2><223702895,2>]
312284236 [<44473103,2><223702895,2>]
Density: 1.0
SnowBall 129
18135029 [<18558612,2><2557521,2>]
18558612 [<18135029,2><2557521,2>]
2557521 [<18135029,2><18558612,2>]
Density: 0.0
SnowBall 130
208132323 []
Density: 0.0
SnowBall 131
131613362 []
Density: 5.1
SnowBall 132
285287229 [<233598791,7><215785630,7><191924526,7><85716069,7><253160190,7><263838766,7><88323281,7><225784456,7>]
312805417 [<230601773,7><198327282,7><189898898,7><189875309,7><215785630,7><360245938,7><262340283,7><168224294,7><253160190,7><263838766,7><88323281,7>]
233598791 [<285287229,7><225784456,7><189875309,7><215785630,7><191924526,7><262340283,7><253160190,7><263838766,7><88323281,7>]
215785630 [<285287229,7><198327282,7><312805417,7><233598791,7><189875309,7><191924526,7><168224294,7><187569483,7><290092792,7><165598423,7>]
360245938 [<189875309,7><230601773,7><198327282,7><191924526,7><85716069,7><168224294,7><312805417,7><290092792,7>]
191924526 [<285287229,7><230601773,7><198327282,7><85716069,7><225784456,7><233598791,7><189875309,7><189898898,7><360245938,7><215785630,7><262340283,7><253160190,7><187569483,7><168224294,7><290092792,7>]
262340283 [<233598791,7><189875309,7><230601773,7><198327282,7><191924526,7><168224294,7><312805417,7><290092792,7><165598423,7>]
168224294 [<230601773,7><198327282,7><312805417,7><225784456,7><189875309,7><189898898,7><215785630,7><360245938,7><191924526,7><262340283,7><253160190,7><263838766,7><88323281,7><165598423,7>]
253160190 [<233598791,7><189875309,7><285287229,7><230601773,7><191924526,7><187569483,7><168224294,7><312805417,7>]
290092792 [<189898898,7><360245938,7><215785630,7><191924526,7><262340283,7><263838766,7><88323281,7><225784456,7>]
263838766 [<233598791,7><189875309,7><285287229,7><230601773,7><198327282,7><187569483,7><168224294,7><312805417,7><290092792,7><165598423,7>]
230601773 [<198327282,7><312805417,7><225784456,7><189875309,7><189898898,7><360245938,7><191924526,7><262340283,7><253160190,7><168224294,7><187569483,7><263838766,7><88323281,7>]
198327282 [<230601773,7><85716069,7><312805417,7><189875309,7><189898898,7><360245938,7><215785630,7><191924526,7><262340283,7><187569483,7><168224294,7><263838766,7><88323281,7>]
85716069 [<189898898,7><285287229,7><198327282,7><360245938,7><191924526,7><88323281,7><165598423,7>]
225784456 [<233598791,7><189875309,7><285287229,7><230601773,7><191924526,7><168224294,7><290092792,7><165598423,7>]
189898898 [<189875309,7><230601773,7><198327282,7><191924526,7><85716069,7><187569483,7><168224294,7><312805417,7><290092792,7><165598423,7>]
189875309 [<230601773,7><198327282,7><312805417,7><225784456,7><233598791,7><189898898,7><360245938,7><215785630,7><191924526,7><262340283,7><253160190,7><168224294,7><263838766,7><88323281,7><165598423,7>]
187569483 [<189898898,7><230601773,7><198327282,7><215785630,7><191924526,7><253160190,7><263838766,7><88323281,7>]
88323281 [<285287229,7><230601773,7><198327282,7><85716069,7><312805417,7><233598791,7><189875309,7><168224294,7><187569483,7><290092792,7><165598423,7>]
165598423 [<85716069,7><225784456,7><189875309,7><189898898,7><215785630,7><262340283,7><168224294,7><263838766,7><88323281,7>]
Density: 0.0
SnowBall 133
19225156 []
Density: 0.0
SnowBall 134
259884200 []
Density: 0.0
SnowBall 135
64496469 []
Density: 0.5
SnowBall 136
16674149 [<7852172,1>]
7852172 [<16674149,1>]
Density: 2.857142857142857
SnowBall 137
104989762 [<98633794,4><17384099,4><34242979,4><198628427,4><211547273,4>]
98633794 [<104989762,4><21436960,4><17384099,4><127958577,4><11348282,4><82453323,4><266464616,4>]
94147192 [<21436960,4><127958577,4><11348282,4><82453323,4>]
127958577 [<98633794,4><17384099,4><94147192,4><211547273,4>]
34242979 [<104989762,4><21436960,4><11348282,4><266464616,4><297985585,4>]
11348282 [<98633794,4><384761809,4><94147192,4><34242979,4><198628427,4><211547273,4>]
198628427 [<104989762,4><21436960,4><11348282,4><82453323,4><297985585,4><266464616,4>]
82453323 [<98633794,4><17384099,4><94147192,4><198628427,4><211547273,4>]
211547273 [<104989762,4><127958577,4><17384099,4><11348282,4><82453323,4><266464616,4>]
297985585 [<21436960,4><384761809,4><34242979,4><198628427,4><266464616,4>]
21436960 [<98633794,4><384761809,4><94147192,4><17384099,4><34242979,4><198628427,4><297985585,4>]
384761809 [<21436960,4><17384099,4><11348282,4><297985585,4><266464616,4>]
17384099 [<104989762,4><98633794,4><384761809,4><21436960,4><127958577,4><82453323,4><211547273,4><266464616,4>]
266464616 [<98633794,4><384761809,4><17384099,4><34242979,4><198628427,4><211547273,4><297985585,4>]
Density: 0.0
SnowBall 138
54460963 []
Density: 0.0
SnowBall 139
73024519 []
Density: 0.0
SnowBall 140
73025843 []
Density: 0.0
SnowBall 141
215328630 []
Density: 0.0
SnowBall 142
248523038 []
Density: 0.0
SnowBall 143
7424642 []
Density: 1.25
SnowBall 144
314038032 [<235216483,2><165580617,2><38232487,2>]
235216483 [<314038032,2><165580617,2>]
165580617 [<314038032,2><235216483,2><38232487,2>]
38232487 [<314038032,2><165580617,2>]
Density: 0.5
SnowBall 145
78391198 [<6480682,1>]
6480682 [<78391198,1>]
Density: 0.0
SnowBall 146
100174502 []
Density: 0.0
SnowBall 147
790205 []
Density: 1.0
SnowBall 148
31631020 [<19380307,2><374007416,2>]
374007416 [<31631020,2><19380307,2>]
19380307 [<31631020,2><374007416,2>]
Density: 2.3333333333333335
SnowBall 149
930061 [<90072587,3><7682452,3><64508047,3>]
90072587 [<930061,3><3829151,3><10350,3><20609518,3><64508047,3><657863,3>]
7682452 [<930061,3><3829151,3><10350,3><657863,3>]
26234692 [<3829151,3><10350,3><20609518,3><657863,3><43170475,3>]
657863 [<90072587,3><7682452,3><26234692,3><9298152,3><64508047,3><18718580,3>]
43170475 [<26234692,3><9298152,3><18718580,3>]
18718580 [<3829151,3><10350,3><657863,3><43170475,3>]
3829151 [<90072587,3><7682452,3><26234692,3><9298152,3><64508047,3><18718580,3>]
9298152 [<3829151,3><10350,3><20609518,3><657863,3><43170475,3>]
10350 [<90072587,3><7682452,3><26234692,3><9298152,3><64508047,3><18718580,3>]
20609518 [<90072587,3><26234692,3><9298152,3>]
64508047 [<930061,3><90072587,3><3829151,3><10350,3><657863,3>]
Density: 0.5
SnowBall 150
320527944 [<80317145,1>]
80317145 [<320527944,1>]
Density: 0.5
SnowBall 151
5906322 [<248916246,1>]
248916246 [<5906322,1>]
Density: 0.0
SnowBall 152
18846990 []
Density: 0.0
SnowBall 153
2097571 []
Density: 0.6666666666666666
SnowBall 154
16786977 [<33617320,1><16476088,1>]
33617320 [<16786977,1>]
16476088 [<16786977,1>]
Density: 0.75
SnowBall 155
9534522 [<22106463,1>]
22106463 [<9534522,1><7925002,1><43540843,1>]
7925002 [<22106463,1>]
43540843 [<22106463,1>]
Density: 0.5
SnowBall 156
65360846 [<34805698,1>]
29034979 [<2890961,1>]
34805698 [<65360846,1>]
2890961 [<29034979,1>]
Density: 1.0
SnowBall 157
17919972 [<26103051,2><25650268,2>]
26103051 [<17919972,2><25650268,2>]
25650268 [<17919972,2><26103051,2>]
Density: 1.5714285714285714
SnowBall 158
16616109 [<68257605,2><14691709,2><19413393,2>]
68257605 [<16616109,2><19413393,2>]
26083291 [<14691709,2><51775432,2><5162861,2><19413393,2>]
14691709 [<16616109,2><26083291,2><51775432,2>]
51775432 [<26083291,2><14691709,2><5162861,2><19413393,2>]
5162861 [<26083291,2><51775432,2>]
19413393 [<16616109,2><68257605,2><26083291,2><51775432,2>]
Density: 0.6666666666666666
SnowBall 159
15687962 [<17111909,1>]
87771546 [<17111909,1>]
17111909 [<15687962,1><87771546,1>]
Density: 1.25
SnowBall 160
7861622 [<59359628,2><321620987,2><17767841,2>]
18917716 [<26346966,2><618593,2><17767841,2>]
59359628 [<7861622,2><10228272,2>]
10228272 [<59359628,2><321620987,2><17767841,2>]
26346966 [<18917716,2><618593,2>]
618593 [<18917716,2><26346966,2>]
321620987 [<7861622,2><10228272,2>]
17767841 [<7861622,2><18917716,2><10228272,2>]
Density: 0.0
SnowBall 161
311227912 []
Density: 0.0
SnowBall 162
80681990 []
Density: 0.0
SnowBall 163
819800 []
Density: 0.0
SnowBall 164
321652589 []
Density: 1.4285714285714286
SnowBall 165
21735280 [<6017542,2><43192807,2>]
87004822 [<15736190,2><6017542,2><43192807,2><37992666,2>]
15736190 [<87004822,2><745823,2>]
745823 [<15736190,2><6017542,2><43192807,2><37992666,2>]
6017542 [<21735280,2><87004822,2><745823,2>]
43192807 [<21735280,2><87004822,2><745823,2>]
37992666 [<87004822,2><745823,2>]
Density: 0.0
SnowBall 166
16297193 []
Density: 0.0
SnowBall 167
14145493 []
Density: 1.0
SnowBall 168
197602850 [<19064433,2><10078882,2>]
16747981 [<92715435,2><19064433,2>]
92715435 [<16747981,2><10078882,2>]
19064433 [<197602850,2><16747981,2>]
10078882 [<197602850,2><92715435,2>]
Density: 1.8181818181818181
SnowBall 169
32309773 [<38703025,3><54168315,3><70620846,3>]
20446839 [<19279990,3><54168315,3><70620846,3><16305227,3>]
62581962 [<38703025,3><54168315,3><16305227,3>]
38703025 [<32309773,3><62581962,3><12925072,3>]
19279990 [<20446839,3><169780164,3><16305227,3>]
12925072 [<38703025,3><169780164,3><16305227,3>]
117652722 [<169780164,3><70620846,3><16305227,3>]
54168315 [<32309773,3><20446839,3><62581962,3><70620846,3><16305227,3>]
169780164 [<19279990,3><12925072,3><117652722,3>]
70620846 [<20446839,3><32309773,3><117652722,3><54168315,3>]
16305227 [<20446839,3><62581962,3><19279990,3><12925072,3><117652722,3><54168315,3>]
Density: 0.0
SnowBall 170
71383220 []
Density: 0.0
SnowBall 171
18021714 []
Density: 0.0
SnowBall 172
20880546 []
Density: 1.25
SnowBall 173
15222083 [<33060624,2><80479756,2><30207757,2>]
80479756 [<15222083,2><33060624,2><30207757,2>]
33060624 [<15222083,2><80479756,2>]
30207757 [<15222083,2><80479756,2>]
Density: 1.0
SnowBall 174
88639412 [<24447643,2><89503894,2>]
24447643 [<88639412,2><93006320,2>]
93006320 [<24447643,2><89503894,2>]
89503894 [<88639412,2><93006320,2>]
Density: 0.0
SnowBall 175
16505296 []
Density: 1.0
SnowBall 176
26961048 [<30345417,2><14575846,2>]
30345417 [<26961048,2><14575846,2>]
14575846 [<26961048,2><30345417,2>]
Density: 1.0
SnowBall 177
16183380 [<14983833,2><17922109,2>]
14983833 [<16183380,2><17922109,2>]
17922109 [<16183380,2><14983833,2>]
Density: 0.0
SnowBall 178
1134701 []
Density: 0.0
SnowBall 179
43858661 []
Density: 1.8
SnowBall 180
23691649 [<398994309,3><278311152,3><38108292,3><18119683,3>]
398994309 [<23691649,3><278311152,3><18119683,3>]
278311152 [<23691649,3><398994309,3><38108292,3><18119683,3>]
38108292 [<23691649,3><278311152,3><18119683,3>]
18119683 [<23691649,3><398994309,3><278311152,3><38108292,3>]
Density: 1.0
SnowBall 181
717313 [<239434259,2><414334713,2>]
239434259 [<717313,2><414334713,2>]
414334713 [<717313,2><239434259,2>]
Density: 1.5
SnowBall 182
197577781 [<21094279,3><275686563,3><14155052,3>]
21094279 [<197577781,3><275686563,3><14155052,3>]
275686563 [<197577781,3><21094279,3><14155052,3>]
14155052 [<197577781,3><21094279,3><275686563,3>]
Density: 0.5
SnowBall 183
384388981 [<75343905,1>]
75343905 [<384388981,1>]
Density: 0.0
SnowBall 184
71606873 []
Density: 0.0
SnowBall 185
24479656 []
Density: 0.0
SnowBall 186
259842341 []
Density: 0.0
SnowBall 187
229039814 []
Density: 0.0
SnowBall 188
173732041 []
Density: 0.0
SnowBall 189
254839786 []
Density: 1.25
SnowBall 190
16097743 [<18226205,2><360210947,2>]
18226205 [<16097743,2><360210947,2><14038862,2>]
360210947 [<16097743,2><18226205,2><14038862,2>]
14038862 [<18226205,2><360210947,2>]
Density: 1.0
SnowBall 191
19631395 [<39322973,2><2589521,2>]
6608332 [<39322973,2><2589521,2>]
39322973 [<19631395,2><6608332,2>]
2589521 [<19631395,2><6608332,2>]
Density: 1.8571428571428572
SnowBall 192
94918917 [<348851602,3><234169190,3><26286713,3>]
21586418 [<18836167,3><66841215,3><30031265,3><16263665,3><199483163,3>]
16263665 [<18208354,3><20978103,3><21586418,3>]
18208354 [<18836167,3><66841215,3><30031265,3><16263665,3>]
18836167 [<18208354,3><21586418,3><26286713,3>]
85501252 [<66841215,3><348851602,3><234169190,3><199483163,3>]
66841215 [<18208354,3><85501252,3><177352756,3><20978103,3><21586418,3>]
177352756 [<66841215,3><348851602,3><234169190,3><26286713,3>]
30031265 [<18208354,3><20978103,3><21586418,3>]
20978103 [<66841215,3><30031265,3><16263665,3>]
348851602 [<94918917,3><85501252,3><177352756,3>]
234169190 [<94918917,3><85501252,3><177352756,3><199483163,3><26286713,3>]
199483163 [<85501252,3><21586418,3><234169190,3>]
26286713 [<94918917,3><18836167,3><177352756,3><234169190,3>]
Density: 0.0
SnowBall 193
12121162 []
Density: 0.0
SnowBall 194
21195122 []
26280712 []
Density: 2.142857142857143
SnowBall 195
316797838 [<84473837,3><287519521,3><326259198,3>]
208942635 [<84473837,3><326259198,3><287519521,3>]
84473837 [<316797838,3><208942635,3><287519521,3><326259198,3><237049769,3><65047891,3>]
326259198 [<316797838,3><208942635,3><84473837,3><287519521,3><237049769,3><65047891,3>]
287519521 [<316797838,3><208942635,3><84473837,3><326259198,3><65047891,3>]
237049769 [<84473837,3><326259198,3><65047891,3>]
65047891 [<84473837,3><287519521,3><326259198,3><237049769,3>]
Density: 0.0
SnowBall 196
309096216 []
Density: 2.142857142857143
SnowBall 197
202346485 [<268425888,3><308220010,3><245639401,3><9117202,3><364664695,3>]
274135827 [<268425888,3><308220010,3><245639401,3><364664695,3>]
268425888 [<202346485,3><274135827,3><308220010,3><9117202,3>]
308220010 [<202346485,3><274135827,3><268425888,3><9117202,3><364664695,3>]
245639401 [<202346485,3><274135827,3><9117202,3>]
9117202 [<202346485,3><268425888,3><308220010,3><245639401,3><364664695,3>]
364664695 [<202346485,3><274135827,3><308220010,3><9117202,3>]
Density: 0.5
SnowBall 198
324544865 [<154309021,1>]
154309021 [<324544865,1>]
Density: 0.0
SnowBall 199
60968363 []
Density: 0.5
SnowBall 200
5868402 [<21077642,1>]
21077642 [<5868402,1>]
Density: 1.0
SnowBall 201
22548403 [<32289713,2><37112942,2>]
32289713 [<22548403,2><43815496,2>]
43815496 [<32289713,2><37112942,2>]
37112942 [<22548403,2><43815496,2>]
Density: 0.0
SnowBall 202
36836787 []
Density: 1.5
SnowBall 203
17396702 [<167901620,3><196926575,3><298038575,3>]
167901620 [<17396702,3><196926575,3><298038575,3>]
196926575 [<167901620,3><17396702,3><298038575,3>]
298038575 [<167901620,3><17396702,3><196926575,3>]
Density: 0.0
SnowBall 204
73019162 []
Density: 1.0
SnowBall 205
20758393 [<29357507,2><160817572,2>]
160817572 [<20758393,2><29357507,2>]
29357507 [<20758393,2><160817572,2>]
Density: 0.0
SnowBall 206
20120776 []
Density: 0.0
SnowBall 207
86664924 []
Density: 0.8
SnowBall 208
21648994 [<29016037,1><29145184,1><19976791,1>]
36803580 [<29016037,1>]
29016037 [<21648994,1><36803580,1>]
29145184 [<21648994,1>]
19976791 [<21648994,1>]
Density: 0.0
SnowBall 209
24081780 []
Density: 1.0
SnowBall 210
21364753 [<17600223,2><17045060,2>]
17600223 [<21364753,2><17045060,2>]
17045060 [<21364753,2><17600223,2>]
Density: 0.0
SnowBall 211
18069427 []
Density: 0.0
SnowBall 212
141508391 []
Density: 0.0
SnowBall 213
17636894 []
Density: 1.5
SnowBall 214
5402612 [<259288589,3><742143,3><612473,3>]
259288589 [<5402612,3><742143,3><612473,3>]
742143 [<5402612,3><259288589,3><612473,3>]
612473 [<5402612,3><259288589,3><742143,3>]
Density: 0.0
SnowBall 215
44130462 []
Density: 0.5
SnowBall 216
96843721 [<77843323,1>]
77843323 [<96843721,1>]
Density: 0.6666666666666666
SnowBall 217
256497288 [<180463340,1>]
180463340 [<256497288,1><344966590,1>]
344966590 [<180463340,1>]
Density: 0.0
SnowBall 218
521489919 []
Density: 0.0
SnowBall 219
6581292 []
Density: 0.5
SnowBall 220
225302763 [<368018677,1>]
368018677 [<225302763,1>]
Density: 0.5
SnowBall 221
227785045 [<62513246,1>]
62513246 [<227785045,1>]
Density: 0.0
SnowBall 222
324201646 []
Density: 0.0
SnowBall 223
16421962 []
Density: 0.0
SnowBall 224
240905997 []
Density: 0.0
SnowBall 225
214968599 []
Density: 0.0
SnowBall 226
18149078 []
Density: 0.0
SnowBall 227
30970675 []
Density: 0.0
SnowBall 228
70123665 []
Density: 0.0
SnowBall 229
172883064 []
Density: 0.0
SnowBall 230
14922225 []
Density: 0.6666666666666666
SnowBall 231
14573745 [<759679,1>]
759679 [<14573745,1><2172,1>]
2172 [<759679,1>]
Density: 1.25
SnowBall 232
18393773 [<6297852,2><28628055,2>]
16027078 [<28521141,2><52146755,2>]
6297852 [<18393773,2><28628055,2><28521141,2>]
28628055 [<18393773,2><6297852,2>]
28521141 [<16027078,2><6297852,2><21816783,2><83285096,2>]
21816783 [<28521141,2><52146755,2>]
83285096 [<28521141,2><52146755,2>]
52146755 [<16027078,2><21816783,2><83285096,2>]
Density: 1.5
SnowBall 233
8079892 [<18252740,3><21415375,3><15279452,3>]
18252740 [<8079892,3><21415375,3><15279452,3>]
21415375 [<8079892,3><18252740,3><15279452,3>]
15279452 [<8079892,3><21415375,3><18252740,3>]
Density: 0.5
SnowBall 234
15259010 [<171202083,1>]
171202083 [<15259010,1>]
Density: 0.0
SnowBall 235
755068 []
Density: 0.6666666666666666
SnowBall 236
75321229 [<15224867,1>]
254883790 [<15224867,1>]
15224867 [<75321229,1><254883790,1>]
Density: 0.5
SnowBall 237
17866414 [<1775731,1>]
1775731 [<17866414,1>]
Density: 1.0
SnowBall 238
84114921 [<44257374,2><17093617,2>]
44257374 [<84114921,2><17093617,2>]
17093617 [<84114921,2><44257374,2>]
Density: 0.0
SnowBall 239
16437633 []
Density: 0.0
SnowBall 240
40777046 []
Density: 1.4
SnowBall 241
40818894 [<63485337,2><27853708,2><176872879,2>]
63485337 [<40818894,2><27853708,2><318760490,2>]
27853708 [<40818894,2><63485337,2><176872879,2><318760490,2>]
176872879 [<40818894,2><27853708,2>]
318760490 [<63485337,2><27853708,2>]
Density: 0.0
SnowBall 242
249831237 []
Density: 0.0
SnowBall 243
16048740 []
Density: 1.5
SnowBall 244
21061498 [<27855118,3><26281970,3><14749606,3>]
27855118 [<21061498,3><16606585,3><88931752,3>]
15134782 [<16606585,3><88931752,3><69193714,3>]
69193714 [<26281970,3><15134782,3><14749606,3>]
14749606 [<21061498,3><88931752,3><69193714,3>]
16606585 [<27855118,3><26281970,3><15134782,3>]
26281970 [<21061498,3><16606585,3><69193714,3>]
88931752 [<27855118,3><15134782,3><14749606,3>]
Density: 0.0
SnowBall 245
2029971 []
Density: 0.0
SnowBall 246
7565302 []
Density: 0.9
SnowBall 247
15666380 [<17022544,1><381688396,1>]
17022544 [<15666380,1><3443591,1>]
7081402 [<18957524,1><381688396,1>]
36544954 [<12,1>]
4620451 [<55928029,1><18957524,1>]
55928029 [<4620451,1>]
18957524 [<7081402,1><4620451,1>]
381688396 [<15666380,1><7081402,1><12,1>]
3443591 [<17022544,1>]
12 [<36544954,1><381688396,1>]
Density: 0.0
SnowBall 248
258145892 []
Density: 4.705882352941177
SnowBall 249
16475194 [<407769660,7><17918629,7><55019615,7><37103386,7><63207451,7><303886358,7><88456842,7><255790981,7>]
17918629 [<19040580,7><16475194,7><37103386,7><14654965,7><63207451,7><309366491,7><28735548,7><18753000,7><96848570,7><88456842,7><255790981,7>]
61040299 [<407769660,7><55019615,7><37103386,7><63207451,7><303886358,7><255790981,7><88456842,7>]
55019615 [<19040580,7><16475194,7><61040299,7><14654965,7><73381700,7><63207451,7><309366491,7><18753000,7><28735548,7><96848570,7><255790981,7>]
37103386 [<19040580,7><16475194,7><61040299,7><17918629,7><14654965,7><73381700,7><309366491,7><28735548,7><18753000,7><96848570,7><88456842,7>]
14654965 [<17918629,7><37103386,7><55019615,7><63207451,7><303886358,7><88456842,7><255790981,7>]
63207451 [<19040580,7><16475194,7><61040299,7><17918629,7><55019615,7><14654965,7><73381700,7><309366491,7><303886358,7><28735548,7><18753000,7><96848570,7><88456842,7><255790981,7>]
309366491 [<407769660,7><17918629,7><55019615,7><37103386,7><63207451,7><303886358,7><88456842,7><255790981,7>]
96848570 [<407769660,7><17918629,7><37103386,7><55019615,7><63207451,7><303886358,7><88456842,7><255790981,7>]
255790981 [<16475194,7><17918629,7><61040299,7><55019615,7><14654965,7><63207451,7><309366491,7><96848570,7><88456842,7><19040580,7><407769660,7><73381700,7><303886358,7><18753000,7><28735548,7>]
88456842 [<19040580,7><16475194,7><61040299,7><17918629,7><37103386,7><14654965,7><73381700,7><63207451,7><309366491,7><18753000,7><96848570,7><255790981,7>]
19040580 [<17918629,7><37103386,7><55019615,7><63207451,7><303886358,7><88456842,7><255790981,7>]
407769660 [<16475194,7><61040299,7><73381700,7><309366491,7><28735548,7><18753000,7><96848570,7><255790981,7>]
73381700 [<407769660,7><37103386,7><55019615,7><63207451,7><303886358,7><255790981,7><88456842,7>]
303886358 [<19040580,7><16475194,7><61040299,7><14654965,7><73381700,7><63207451,7><309366491,7><28735548,7><18753000,7><96848570,7><255790981,7>]
28735548 [<407769660,7><17918629,7><55019615,7><37103386,7><63207451,7><303886358,7><255790981,7>]
18753000 [<407769660,7><17918629,7><55019615,7><37103386,7><63207451,7><303886358,7><255790981,7><88456842,7>]
Density: 0.8
SnowBall 250
356963 [<18681592,1>]
36953510 [<17220934,1><18681592,1>]
17220934 [<36953510,1><18496986,1>]
18681592 [<356963,1><36953510,1>]
18496986 [<17220934,1>]
Density: 1.4285714285714286
SnowBall 251
18776017 [<89032548,2><232006900,2>]
31572616 [<89032548,2><26335321,2><232006900,2>]
89032548 [<18776017,2><31572616,2><20240002,2><20274104,2><232006900,2>]
26335321 [<31572616,2><20240002,2>]
20240002 [<89032548,2><26335321,2>]
20274104 [<89032548,2><232006900,2>]
232006900 [<18776017,2><31572616,2><89032548,2><20274104,2>]
Density: 0.8571428571428571
SnowBall 252
15447248 [<94915681,1><24903302,1>]
16652550 [<22841103,1><14506253,1>]
209169572 [<94915681,1>]
94915681 [<15447248,1><209169572,1><22841103,1>]
22841103 [<16652550,1><94915681,1>]
14506253 [<16652550,1>]
24903302 [<15447248,1>]
Density: 1.0
SnowBall 253
59414975 [<74651704,2><61781462,2>]
74651704 [<59414975,2><61781462,2>]
61781462 [<59414975,2><74651704,2>]
Density: 0.0
SnowBall 254
14139971 []
Density: 0.75
SnowBall 255
188443111 [<397688944,1>]
96513226 [<397688944,1>]
128522006 [<397688944,1>]
397688944 [<188443111,1><96513226,1><128522006,1>]
Density: 0.0
SnowBall 256
23822446 []
Density: 0.0
SnowBall 257
19454519 []
Density: 0.0
SnowBall 258
89826562 []
Density: 1.0
SnowBall 259
20179628 [<166252256,2><17658786,2>]
166252256 [<20179628,2><17658786,2>]
17658786 [<20179628,2><166252256,2>]
Density: 1.5
SnowBall 260
24166202 [<623623,3><18731347,3><7668362,3>]
623623 [<24166202,3><18731347,3><7668362,3>]
18731347 [<24166202,3><623623,3><7668362,3>]
7668362 [<24166202,3><18731347,3><623623,3>]
Density: 2.1666666666666665
SnowBall 261
2100521 [<7861312,4><87114066,4><926981,4><8914942,4>]
7861312 [<2100521,4><87114066,4><610533,4><8914942,4><926981,4>]
87114066 [<2100521,4><7861312,4><610533,4><8914942,4>]
610533 [<7861312,4><87114066,4><926981,4><8914942,4>]
926981 [<2100521,4><7861312,4><610533,4><8914942,4>]
8914942 [<2100521,4><7861312,4><87114066,4><610533,4><926981,4>]
Density: 0.0
SnowBall 262
77007853 []
Density: 0.0
SnowBall 263
219365298 []
Density: 0.0
SnowBall 264
19283723 []
Density: 0.0
SnowBall 265
62759402 []
Density: 0.5
SnowBall 266
31317273 [<73992972,1>]
73992972 [<31317273,1>]
Density: 0.75
SnowBall 267
21578499 [<49098552,1><66699013,1>]
49098552 [<21578499,1><6054912,1>]
66699013 [<21578499,1>]
6054912 [<49098552,1>]
Density: 0.5
SnowBall 268
20291791 [<22958268,1>]
22958268 [<20291791,1>]
Density: 0.0
SnowBall 269
21132431 []
Density: 1.5
SnowBall 270
37201612 [<23889102,3><19058681,3><16212913,3>]
23889102 [<37201612,3><19058681,3><16212913,3>]
19058681 [<37201612,3><23889102,3><16212913,3>]
16212913 [<37201612,3><23889102,3><19058681,3>]
Density: 0.0
SnowBall 271
21222922 []
Density: 0.0
SnowBall 272
163491360 []
Density: 1.2
SnowBall 273
50145896 [<61033129,2><61040833,2>]
5471892 [<61033129,2><61040833,2>]
22977196 [<61033129,2><61040833,2>]
61033129 [<50145896,2><5471892,2><22977196,2>]
61040833 [<50145896,2><5471892,2><22977196,2>]
Density: 0.0
SnowBall 274
18687625 []
Density: 1.0
SnowBall 275
19397785 [<18270489,2><22863638,2>]
18270489 [<19397785,2><169686021,2>]
169686021 [<18270489,2><22863638,2>]
22863638 [<19397785,2><169686021,2>]
Density: 0.75
SnowBall 276
15575251 [<16869298,1>]
16869298 [<15575251,1><18571832,1><18666844,1>]
18571832 [<16869298,1>]
18666844 [<16869298,1>]
Density: 0.6666666666666666
SnowBall 277
31313454 [<20747847,1><10824382,1>]
20747847 [<31313454,1>]
10824382 [<31313454,1>]
Density: 0.6666666666666666
SnowBall 278
18630326 [<31179985,1><19760380,1>]
31179985 [<18630326,1>]
19760380 [<18630326,1>]
Density: 1.7142857142857142
SnowBall 279
83883736 [<18472735,3><22954430,3><20,3><15661871,3>]
90998968 [<20,3><15661871,3><4519121,3>]
18472735 [<83883736,3><15661871,3><4519121,3>]
22954430 [<83883736,3><20,3><15661871,3><4519121,3>]
20 [<83883736,3><22954430,3><90998968,3>]
15661871 [<18472735,3><83883736,3><22954430,3><90998968,3>]
4519121 [<18472735,3><22954430,3><90998968,3>]
Density: 0.0
SnowBall 280
22412376 []
Density: 0.8571428571428571
SnowBall 281
30364057 [<16685316,1>]
22461427 [<16685316,1>]
2384071 [<17770689,1>]
17770689 [<2384071,1><85891683,1><16685316,1>]
85891683 [<17770689,1><21420959,1>]
16685316 [<30364057,1><22461427,1><17770689,1>]
21420959 [<85891683,1>]
Density: 0.0
SnowBall 282
259365099 []
Density: 1.0
SnowBall 283
49536244 [<96545499,2><4387041,2>]
96545499 [<49536244,2><4387041,2>]
4387041 [<49536244,2><96545499,2>]
Density: 0.0
SnowBall 284
56860418 []
Density: 0.5
SnowBall 285
31457243 [<21447363,1>]
21447363 [<31457243,1>]
Density: 0.5
SnowBall 286
33868543 [<73731253,1>]
73731253 [<33868543,1>]
Density: 0.75
SnowBall 287
779715 [<16247469,1><778446,1>]
16247469 [<779715,1><68732646,1>]
68732646 [<16247469,1>]
778446 [<779715,1>]
Density: 0.0
SnowBall 288
317076339 []
Density: 0.0
SnowBall 289
39056518 []
Density: 1.0
SnowBall 290
66804457 [<49414491,2><25179170,2>]
49414491 [<66804457,2><25179170,2>]
25179170 [<66804457,2><49414491,2>]
Density: 0.0
SnowBall 291
21731779 []
Density: 1.0
SnowBall 292
14293310 [<35432497,2><46533358,2>]
35432497 [<14293310,2><807095,2>]
46533358 [<14293310,2><807095,2>]
807095 [<35432497,2><46533358,2>]
Density: 0.0
SnowBall 293
30824363 []
Density: 0.6666666666666666
SnowBall 294
17939037 [<809864,1>]
809864 [<17939037,1><22139698,1>]
22139698 [<809864,1>]
Density: 0.0
SnowBall 295
83478370 []
Density: 0.9166666666666666
SnowBall 296
57986173 [<18068719,1>]
12611642 [<9215692,1><18068719,1>]
9215692 [<12611642,1><18963070,1>]
18164420 [<249829509,1><18068719,1>]
16098603 [<18068719,1>]
18963070 [<9215692,1><17723880,1><30310904,1>]
249829509 [<18164420,1>]
17723880 [<18963070,1>]
20075644 [<18068719,1>]
30310904 [<18963070,1>]
20935355 [<18068719,1>]
18068719 [<57986173,1><12611642,1><18164420,1><16098603,1><20075644,1><20935355,1>]
Density: 0.0
SnowBall 297
372765570 []
Density: 1.4
SnowBall 298
82726142 [<17663756,2><222090651,2>]
17663756 [<82726142,2><222090651,2><170167167,2>]
21111883 [<222090651,2><170167167,2>]
222090651 [<82726142,2><17663756,2><21111883,2><170167167,2>]
170167167 [<17663756,2><21111883,2><222090651,2>]
Density: 0.6666666666666666
SnowBall 299
352145373 [<6165372,1><377662213,1>]
6165372 [<352145373,1>]
377662213 [<352145373,1>]
Density: 0.0
SnowBall 300
112508240 []
Density: 0.5
SnowBall 301
86799233 [<19705747,1>]
19705747 [<86799233,1>]
Density: 1.0
SnowBall 302
45145944 [<15485441,2><14681605,2>]
191916463 [<15485441,2><14681605,2>]
15485441 [<45145944,2><191916463,2>]
14681605 [<45145944,2><191916463,2>]
Density: 0.0
SnowBall 303
39157827 []
Density: 1.0
SnowBall 304
28706024 [<17912917,2><42522911,2>]
17912917 [<77888423,2><28706024,2>]
42522911 [<77888423,2><28706024,2>]
77888423 [<17912917,2><42522911,2>]
Density: 0.5
SnowBall 305
31464977 [<14749383,1>]
14749383 [<31464977,1>]
Density: 0.5
SnowBall 306
21337501 [<7144422,1>]
7144422 [<21337501,1>]
Density: 1.5
SnowBall 307
217856118 [<355823615,2><229741646,2><227650565,2>]
276706356 [<333021748,2><355823615,2>]
164880154 [<227650565,2><229741646,2>]
333021748 [<276706356,2><24444592,2>]
399769234 [<355823615,2><229741646,2>]
181701688 [<355823615,2><229741646,2>]
355823615 [<217856118,2><276706356,2><399769234,2><181701688,2>]
229741646 [<217856118,2><164880154,2><399769234,2><181701688,2><24444592,2><227650565,2>]
227650565 [<217856118,2><164880154,2><229741646,2><24444592,2>]
24444592 [<333021748,2><229741646,2><227650565,2>]
Density: 0.75
SnowBall 308
27077521 [<33806113,1>]
33806113 [<27077521,1><15150609,1>]
15150609 [<33806113,1><33612973,1>]
33612973 [<15150609,1>]
Density: 0.5
SnowBall 309
16105942 [<17654192,1>]
17654192 [<16105942,1>]
Density: 0.0
SnowBall 310
10305212 []
Density: 0.0
SnowBall 311
216088014 []
Density: 0.0
SnowBall 312
361142565 []
Density: 0.0
SnowBall 313
221829166 []
Density: 0.0
SnowBall 314
181162395 []
Density: 0.0
SnowBall 315
214328887 []
Density: 0.75
SnowBall 316
18534908 [<113696592,1><21158690,1><45862504,1>]
113696592 [<18534908,1>]
21158690 [<18534908,1>]
45862504 [<18534908,1>]
Density: 0.5
SnowBall 317
8163442 [<477094958,1>]
477094958 [<8163442,1>]
Density: 1.25
SnowBall 318
19208450 [<19492215,2><157652825,2>]
19492215 [<19208450,2><17421011,2><157652825,2>]
17421011 [<19492215,2><157652825,2>]
157652825 [<19208450,2><19492215,2><17421011,2>]
Density: 1.0
SnowBall 319
65289126 [<58641627,2><28205087,2>]
58641627 [<65289126,2><45753733,2>]
45753733 [<58641627,2><15888142,2>]
15888142 [<45753733,2><28205087,2>]
28205087 [<65289126,2><15888142,2>]
Density: 1.4
SnowBall 320
19948202 [<16613128,2><78138151,2><67378554,2><9720292,2>]
16613128 [<19948202,2><78138151,2><67378554,2><9720292,2>]
78138151 [<19948202,2><16613128,2>]
67378554 [<19948202,2><16613128,2>]
9720292 [<19948202,2><16613128,2>]
Density: 1.0
SnowBall 321
160839015 [<7157132,2><22679419,2>]
45857296 [<7157132,2><22679419,2>]
7157132 [<160839015,2><45857296,2>]
22679419 [<160839015,2><45857296,2>]
Density: 1.5
SnowBall 322
1715051 [<81938351,2><22121627,2><789071,2>]
81938351 [<1715051,2><24083901,2><126881128,2><34747631,2><66561957,2>]
24083901 [<81938351,2><789071,2>]
126881128 [<81938351,2><22121627,2>]
34747631 [<81938351,2><789071,2>]
66561957 [<81938351,2><22121627,2><789071,2>]
22121627 [<1715051,2><126881128,2><66561957,2>]
789071 [<1715051,2><24083901,2><34747631,2><66561957,2>]
Density: 1.0
SnowBall 323
5539522 [<4258591,2><9254272,2>]
4258591 [<5539522,2><9254272,2>]
9254272 [<5539522,2><4258591,2>]
Density: 1.625
SnowBall 324
46426258 [<163374693,3><17561785,3><20950208,3>]
163374693 [<46426258,3><9451052,3><175624200,3>]
17561785 [<46426258,3><18709570,3><9451052,3><175624200,3>]
18709570 [<17561785,3><20950208,3><7098022,3>]
9451052 [<163374693,3><17561785,3><20950208,3>]
20950208 [<46426258,3><18709570,3><9451052,3><7098022,3>]
7098022 [<18709570,3><20950208,3><175624200,3>]
175624200 [<163374693,3><17561785,3><7098022,3>]
Density: 0.0
SnowBall 325
57828817 []
Density: 0.0
SnowBall 326
26585095 []
Density: 1.0
SnowBall 327
45333725 [<55033682,2><73738774,2>]
55033682 [<45333725,2><73738774,2>]
73738774 [<45333725,2><55033682,2>]
Density: 0.0
SnowBall 328
203868162 []
Density: 1.0
SnowBall 329
20561154 [<18948541,2><7846,2>]
18948541 [<20561154,2><441252694,2>]
7846 [<20561154,2><253751053,2>]
19562228 [<441252694,2><253751053,2>]
441252694 [<18948541,2><19562228,2>]
253751053 [<7846,2><19562228,2>]
Density: 0.0
SnowBall 330
242073660 []
Density: 0.5
SnowBall 331
33794839 [<9460682,1>]
9460682 [<33794839,1>]
Density: 1.3333333333333333
SnowBall 332
18923866 [<18201401,2><17220817,2>]
50393960 [<78813,2><18201401,2>]
78813 [<50393960,2><18498684,2><17220817,2>]
18201401 [<18923866,2><50393960,2><18498684,2><17220817,2>]
18498684 [<78813,2><18201401,2>]
17220817 [<18923866,2><78813,2><18201401,2>]
Density: 0.75
SnowBall 333
14925700 [<17503591,1><44394333,1>]
26604704 [<44394333,1>]
17503591 [<14925700,1>]
44394333 [<14925700,1><26604704,1>]
Density: 0.0
SnowBall 334
37699718 []
Density: 0.75
SnowBall 335
493138720 [<34378922,1>]
34378922 [<493138720,1><40022380,1>]
40022380 [<34378922,1><25473689,1>]
25473689 [<40022380,1>]
Density: 0.8
SnowBall 336
2257971 [<15846407,1>]
58427526 [<259379883,1><15846407,1>]
259379883 [<58427526,1><16610683,1>]
16610683 [<259379883,1>]
15846407 [<2257971,1><58427526,1>]
Density: 0.0
SnowBall 337
296218728 []
Density: 1.25
SnowBall 338
47667972 [<21391704,2><20119746,2>]
13687132 [<21391704,2><20119746,2>]
21391704 [<47667972,2><13687132,2><20119746,2>]
20119746 [<47667972,2><13687132,2><21391704,2>]
Density: 1.0
SnowBall 339
13058232 [<23790454,2><18690700,2>]
23790454 [<13058232,2><734493,2>]
18690700 [<13058232,2><734493,2>]
734493 [<23790454,2><18690700,2>]
Density: 0.0
SnowBall 340
111210694 []
Density: 0.6666666666666666
SnowBall 341
20397258 [<204145356,1>]
16112634 [<204145356,1>]
204145356 [<20397258,1><16112634,1>]
Density: 0.0
SnowBall 342
69624952 []
Density: 0.0
SnowBall 343
80688804 []
Density: 0.0
SnowBall 344
119228619 []
Density: 1.0
SnowBall 345
6018292 [<15165502,2><15165493,2>]
15165502 [<6018292,2><62740714,2>]
15165493 [<6018292,2><62740714,2>]
62740714 [<15165502,2><15165493,2>]
Density: 0.0
SnowBall 346
107830991 []
Density: 0.0
SnowBall 347
376946114 []
Density: 0.0
SnowBall 348
310741786 []
Density: 0.0
SnowBall 349
461410856 []
Density: 0.0
SnowBall 350
222261763 []
Density: 0.0
SnowBall 351
197504076 []
Density: 0.5
SnowBall 352
65185224 [<220729949,1>]
220729949 [<65185224,1>]
Density: 0.0
SnowBall 353
238201669 []
Density: 0.0
SnowBall 354
101204352 []
Density: 0.0
SnowBall 355
5995932 []
Density: 0.0
SnowBall 356
13 []
Density: 0.0
SnowBall 357
19840198 []
Density: 0.0
SnowBall 358
126444583 []
Density: 0.0
SnowBall 359
430268163 []
Density: 0.0
SnowBall 360
22751884 []
Density: 1.0
SnowBall 361
64441390 [<25521487,2><19637934,2>]
25521487 [<64441390,2><16234125,2>]
19637934 [<64441390,2><16234125,2>]
16234125 [<25521487,2><19637934,2>]
Density: 0.5
SnowBall 362
9275742 [<6351572,1>]
6351572 [<9275742,1>]
Density: 0.0
SnowBall 363
33511585 []
Density: 0.5
SnowBall 364
278778939 [<175529494,1>]
175529494 [<278778939,1>]
Density: 0.0
SnowBall 365
207936757 []
Density: 0.8333333333333334
SnowBall 366
24636631 [<18715024,1><16129920,1>]
18715024 [<24636631,1><77404713,1>]
16129920 [<24636631,1><20347014,1>]
77404713 [<18715024,1>]
19697415 [<20347014,1>]
20347014 [<16129920,1><19697415,1>]
Density: 0.0
SnowBall 367
73298877 []
Density: 0.5
SnowBall 368
307478701 [<276843589,1>]
276843589 [<307478701,1>]
Density: 0.8333333333333334
SnowBall 369
180505807 [<494538543,1><353767514,1>]
494538543 [<180505807,1><2735591,1>]
141021153 [<353767514,1>]
353767514 [<180505807,1><141021153,1>]
2735591 [<494538543,1><24815332,1>]
24815332 [<2735591,1>]
Density: 0.0
SnowBall 370
98345808 []
Density: 0.0
SnowBall 371
9855382 []
Density: 0.0
SnowBall 372
174307074 []
Density: 0.0
SnowBall 373
98801140 []
Read 1673925 M edges 	64666 nodes (Last Window) 	Simulation time: 1116 seconds	Maximal Density: 11.577777777777778
